ARM GAS  C:\Users\fedet\AppData\Local\Temp\ccLWVfQ3.s 			page 1


   1              		.syntax unified
   2              		.cpu cortex-m3
   3              		.fpu softvfp
   4              		.eabi_attribute 20, 1
   5              		.eabi_attribute 21, 1
   6              		.eabi_attribute 23, 3
   7              		.eabi_attribute 24, 1
   8              		.eabi_attribute 25, 1
   9              		.eabi_attribute 26, 1
  10              		.eabi_attribute 30, 1
  11              		.eabi_attribute 34, 1
  12              		.eabi_attribute 18, 4
  13              		.thumb
  14              		.syntax unified
  15              		.file	"cymetadata.c"
  16              		.text
  17              	.Ltext0:
  18              		.cfi_sections	.debug_frame
  19              		.global	cy_metadata
  20              		.global	cy_meta_flashprotect
  21              		.global	cy_meta_wonvl
  22              		.global	cy_meta_custnvl
  23              		.global	cy_meta_configecc
  24              		.section	.cyconfigecc,"a",%progbits
  25              		.align	2
  26              		.type	cy_meta_configecc, %object
  27              		.size	cy_meta_configecc, 1160
  28              	cy_meta_configecc:
  29 0000 02       		.byte	2
  30 0001 4F       		.byte	79
  31 0002 00       		.byte	0
  32 0003 40       		.byte	64
  33 0004 02       		.byte	2
  34 0005 52       		.byte	82
  35 0006 00       		.byte	0
  36 0007 40       		.byte	64
  37 0008 01       		.byte	1
  38 0009 5A       		.byte	90
  39 000a 00       		.byte	0
  40 000b 40       		.byte	64
  41 000c 02       		.byte	2
  42 000d 64       		.byte	100
  43 000e 00       		.byte	0
  44 000f 40       		.byte	64
  45 0010 01       		.byte	1
  46 0011 65       		.byte	101
  47 0012 00       		.byte	0
  48 0013 40       		.byte	64
  49 0014 04       		.byte	4
  50 0015 04       		.byte	4
  51 0016 01       		.byte	1
  52 0017 40       		.byte	64
  53 0018 04       		.byte	4
  54 0019 05       		.byte	5
  55 001a 01       		.byte	1
  56 001b 40       		.byte	64
  57 001c 01       		.byte	1
ARM GAS  C:\Users\fedet\AppData\Local\Temp\ccLWVfQ3.s 			page 2


  58 001d 07       		.byte	7
  59 001e 01       		.byte	1
  60 001f 40       		.byte	64
  61 0020 4E       		.byte	78
  62 0021 08       		.byte	8
  63 0022 01       		.byte	1
  64 0023 40       		.byte	64
  65 0024 34       		.byte	52
  66 0025 09       		.byte	9
  67 0026 01       		.byte	1
  68 0027 40       		.byte	64
  69 0028 01       		.byte	1
  70 0029 0B       		.byte	11
  71 002a 01       		.byte	1
  72 002b 40       		.byte	64
  73 002c 03       		.byte	3
  74 002d 15       		.byte	21
  75 002e 01       		.byte	1
  76 002f 40       		.byte	64
  77 0030 4D       		.byte	77
  78 0031 18       		.byte	24
  79 0032 01       		.byte	1
  80 0033 40       		.byte	64
  81 0034 43       		.byte	67
  82 0035 19       		.byte	25
  83 0036 01       		.byte	1
  84 0037 40       		.byte	64
  85 0038 14       		.byte	20
  86 0039 1A       		.byte	26
  87 003a 01       		.byte	1
  88 003b 40       		.byte	64
  89 003c 44       		.byte	68
  90 003d 1B       		.byte	27
  91 003e 01       		.byte	1
  92 003f 40       		.byte	64
  93 0040 03       		.byte	3
  94 0041 40       		.byte	64
  95 0042 01       		.byte	1
  96 0043 40       		.byte	64
  97 0044 02       		.byte	2
  98 0045 41       		.byte	65
  99 0046 01       		.byte	1
 100 0047 40       		.byte	64
 101 0048 07       		.byte	7
 102 0049 42       		.byte	66
 103 004a 01       		.byte	1
 104 004b 40       		.byte	64
 105 004c 03       		.byte	3
 106 004d 43       		.byte	67
 107 004e 01       		.byte	1
 108 004f 40       		.byte	64
 109 0050 02       		.byte	2
 110 0051 44       		.byte	68
 111 0052 01       		.byte	1
 112 0053 40       		.byte	64
 113 0054 01       		.byte	1
 114 0055 45       		.byte	69
ARM GAS  C:\Users\fedet\AppData\Local\Temp\ccLWVfQ3.s 			page 3


 115 0056 01       		.byte	1
 116 0057 40       		.byte	64
 117 0058 06       		.byte	6
 118 0059 46       		.byte	70
 119 005a 01       		.byte	1
 120 005b 40       		.byte	64
 121 005c 05       		.byte	5
 122 005d 47       		.byte	71
 123 005e 01       		.byte	1
 124 005f 40       		.byte	64
 125 0060 06       		.byte	6
 126 0061 48       		.byte	72
 127 0062 01       		.byte	1
 128 0063 40       		.byte	64
 129 0064 07       		.byte	7
 130 0065 49       		.byte	73
 131 0066 01       		.byte	1
 132 0067 40       		.byte	64
 133 0068 02       		.byte	2
 134 0069 4C       		.byte	76
 135 006a 01       		.byte	1
 136 006b 40       		.byte	64
 137 006c 08       		.byte	8
 138 006d 4D       		.byte	77
 139 006e 01       		.byte	1
 140 006f 40       		.byte	64
 141 0070 04       		.byte	4
 142 0071 50       		.byte	80
 143 0072 01       		.byte	1
 144 0073 40       		.byte	64
 145 0074 01       		.byte	1
 146 0075 51       		.byte	81
 147 0076 01       		.byte	1
 148 0077 40       		.byte	64
 149 0078 01       		.byte	1
 150 0079 30       		.byte	48
 151 007a 0A       		.byte	10
 152 007b 4B       		.byte	75
 153 007c 61       		.byte	97
 154 007d 80       		.byte	-128
 155 007e 64       		.byte	100
 156 007f 40       		.byte	64
 157 0080 97       		.byte	-105
 158 0081 01       		.byte	1
 159 0082 88       		.byte	-120
 160 0083 0F       		.byte	15
 161 0084 89       		.byte	-119
 162 0085 38       		.byte	56
 163 0086 89       		.byte	-119
 164 0087 72       		.byte	114
 165 0088 39       		.byte	57
 166 0089 88       		.byte	-120
 167 008a 3F       		.byte	63
 168 008b 44       		.byte	68
 169 008c 59       		.byte	89
 170 008d 04       		.byte	4
 171 008e 5F       		.byte	95
ARM GAS  C:\Users\fedet\AppData\Local\Temp\ccLWVfQ3.s 			page 4


 172 008f 01       		.byte	1
 173 0090 20       		.byte	32
 174 0091 01       		.byte	1
 175 0092 23       		.byte	35
 176 0093 10       		.byte	16
 177 0094 87       		.byte	-121
 178 0095 10       		.byte	16
 179 0096 E0       		.byte	-32
 180 0097 02       		.byte	2
 181 0098 B4       		.byte	-76
 182 0099 01       		.byte	1
 183 009a 01       		.byte	1
 184 009b 01       		.byte	1
 185 009c 07       		.byte	7
 186 009d 01       		.byte	1
 187 009e 0B       		.byte	11
 188 009f 01       		.byte	1
 189 00a0 10       		.byte	16
 190 00a1 03       		.byte	3
 191 00a2 12       		.byte	18
 192 00a3 0C       		.byte	12
 193 00a4 16       		.byte	22
 194 00a5 08       		.byte	8
 195 00a6 18       		.byte	24
 196 00a7 03       		.byte	3
 197 00a8 1A       		.byte	26
 198 00a9 04       		.byte	4
 199 00aa 1F       		.byte	31
 200 00ab 01       		.byte	1
 201 00ac 20       		.byte	32
 202 00ad 0A       		.byte	10
 203 00ae 21       		.byte	33
 204 00af 01       		.byte	1
 205 00b0 22       		.byte	34
 206 00b1 04       		.byte	4
 207 00b2 25       		.byte	37
 208 00b3 02       		.byte	2
 209 00b4 26       		.byte	38
 210 00b5 05       		.byte	5
 211 00b6 2C       		.byte	44
 212 00b7 03       		.byte	3
 213 00b8 2E       		.byte	46
 214 00b9 04       		.byte	4
 215 00ba 35       		.byte	53
 216 00bb 02       		.byte	2
 217 00bc 36       		.byte	54
 218 00bd 0F       		.byte	15
 219 00be 37       		.byte	55
 220 00bf 01       		.byte	1
 221 00c0 3A       		.byte	58
 222 00c1 80       		.byte	-128
 223 00c2 3F       		.byte	63
 224 00c3 50       		.byte	80
 225 00c4 40       		.byte	64
 226 00c5 53       		.byte	83
 227 00c6 41       		.byte	65
 228 00c7 01       		.byte	1
ARM GAS  C:\Users\fedet\AppData\Local\Temp\ccLWVfQ3.s 			page 5


 229 00c8 45       		.byte	69
 230 00c9 0C       		.byte	12
 231 00ca 46       		.byte	70
 232 00cb E0       		.byte	-32
 233 00cc 47       		.byte	71
 234 00cd 0B       		.byte	11
 235 00ce 48       		.byte	72
 236 00cf 19       		.byte	25
 237 00d0 49       		.byte	73
 238 00d1 FF       		.byte	-1
 239 00d2 4A       		.byte	74
 240 00d3 FF       		.byte	-1
 241 00d4 4B       		.byte	75
 242 00d5 FF       		.byte	-1
 243 00d6 4E       		.byte	78
 244 00d7 F0       		.byte	-16
 245 00d8 4F       		.byte	79
 246 00d9 44       		.byte	68
 247 00da 50       		.byte	80
 248 00db 0C       		.byte	12
 249 00dc 54       		.byte	84
 250 00dd 01       		.byte	1
 251 00de 58       		.byte	88
 252 00df 04       		.byte	4
 253 00e0 59       		.byte	89
 254 00e1 04       		.byte	4
 255 00e2 5A       		.byte	90
 256 00e3 04       		.byte	4
 257 00e4 5B       		.byte	91
 258 00e5 04       		.byte	4
 259 00e6 5C       		.byte	92
 260 00e7 01       		.byte	1
 261 00e8 5D       		.byte	93
 262 00e9 11       		.byte	17
 263 00ea 5F       		.byte	95
 264 00eb 01       		.byte	1
 265 00ec 66       		.byte	102
 266 00ed C0       		.byte	-64
 267 00ee 6A       		.byte	106
 268 00ef 40       		.byte	64
 269 00f0 6B       		.byte	107
 270 00f1 02       		.byte	2
 271 00f2 83       		.byte	-125
 272 00f3 02       		.byte	2
 273 00f4 84       		.byte	-124
 274 00f5 20       		.byte	32
 275 00f6 87       		.byte	-121
 276 00f7 04       		.byte	4
 277 00f8 8A       		.byte	-118
 278 00f9 03       		.byte	3
 279 00fa 8C       		.byte	-116
 280 00fb 1C       		.byte	28
 281 00fc 8E       		.byte	-114
 282 00fd 02       		.byte	2
 283 00fe 90       		.byte	-112
 284 00ff 10       		.byte	16
 285 0100 92       		.byte	-110
ARM GAS  C:\Users\fedet\AppData\Local\Temp\ccLWVfQ3.s 			page 6


 286 0101 0C       		.byte	12
 287 0102 94       		.byte	-108
 288 0103 10       		.byte	16
 289 0104 98       		.byte	-104
 290 0105 09       		.byte	9
 291 0106 9A       		.byte	-102
 292 0107 10       		.byte	16
 293 0108 9C       		.byte	-100
 294 0109 0C       		.byte	12
 295 010a 9E       		.byte	-98
 296 010b 11       		.byte	17
 297 010c 9F       		.byte	-97
 298 010d 04       		.byte	4
 299 010e A2       		.byte	-94
 300 010f 20       		.byte	32
 301 0110 A3       		.byte	-93
 302 0111 02       		.byte	2
 303 0112 A4       		.byte	-92
 304 0113 14       		.byte	20
 305 0114 A9       		.byte	-87
 306 0115 01       		.byte	1
 307 0116 AA       		.byte	-86
 308 0117 20       		.byte	32
 309 0118 AC       		.byte	-84
 310 0119 20       		.byte	32
 311 011a B0       		.byte	-80
 312 011b 20       		.byte	32
 313 011c B3       		.byte	-77
 314 011d 01       		.byte	1
 315 011e B4       		.byte	-76
 316 011f 1F       		.byte	31
 317 0120 B5       		.byte	-75
 318 0121 04       		.byte	4
 319 0122 B7       		.byte	-73
 320 0123 02       		.byte	2
 321 0124 B8       		.byte	-72
 322 0125 02       		.byte	2
 323 0126 BF       		.byte	-65
 324 0127 54       		.byte	84
 325 0128 D4       		.byte	-44
 326 0129 18       		.byte	24
 327 012a D8       		.byte	-40
 328 012b 04       		.byte	4
 329 012c D9       		.byte	-39
 330 012d 04       		.byte	4
 331 012e DB       		.byte	-37
 332 012f 04       		.byte	4
 333 0130 DC       		.byte	-36
 334 0131 01       		.byte	1
 335 0132 DD       		.byte	-35
 336 0133 10       		.byte	16
 337 0134 DF       		.byte	-33
 338 0135 01       		.byte	1
 339 0136 01       		.byte	1
 340 0137 20       		.byte	32
 341 0138 02       		.byte	2
 342 0139 20       		.byte	32
ARM GAS  C:\Users\fedet\AppData\Local\Temp\ccLWVfQ3.s 			page 7


 343 013a 03       		.byte	3
 344 013b 01       		.byte	1
 345 013c 0A       		.byte	10
 346 013d 01       		.byte	1
 347 013e 0B       		.byte	11
 348 013f A8       		.byte	-88
 349 0140 0E       		.byte	14
 350 0141 20       		.byte	32
 351 0142 0F       		.byte	15
 352 0143 48       		.byte	72
 353 0144 10       		.byte	16
 354 0145 44       		.byte	68
 355 0146 11       		.byte	17
 356 0147 88       		.byte	-120
 357 0148 16       		.byte	22
 358 0149 20       		.byte	32
 359 014a 17       		.byte	23
 360 014b 41       		.byte	65
 361 014c 19       		.byte	25
 362 014d 20       		.byte	32
 363 014e 1A       		.byte	26
 364 014f 80       		.byte	-128
 365 0150 1F       		.byte	31
 366 0151 40       		.byte	64
 367 0152 20       		.byte	32
 368 0153 04       		.byte	4
 369 0154 23       		.byte	35
 370 0155 21       		.byte	33
 371 0156 26       		.byte	38
 372 0157 40       		.byte	64
 373 0158 27       		.byte	39
 374 0159 08       		.byte	8
 375 015a 29       		.byte	41
 376 015b 21       		.byte	33
 377 015c 2F       		.byte	47
 378 015d 60       		.byte	96
 379 015e 32       		.byte	50
 380 015f 40       		.byte	64
 381 0160 36       		.byte	54
 382 0161 80       		.byte	-128
 383 0162 38       		.byte	56
 384 0163 08       		.byte	8
 385 0164 39       		.byte	57
 386 0165 02       		.byte	2
 387 0166 3C       		.byte	60
 388 0167 22       		.byte	34
 389 0168 3E       		.byte	62
 390 0169 21       		.byte	33
 391 016a 3F       		.byte	63
 392 016b 08       		.byte	8
 393 016c 46       		.byte	70
 394 016d 20       		.byte	32
 395 016e 47       		.byte	71
 396 016f 40       		.byte	64
 397 0170 4B       		.byte	75
 398 0171 C0       		.byte	-64
 399 0172 4F       		.byte	79
ARM GAS  C:\Users\fedet\AppData\Local\Temp\ccLWVfQ3.s 			page 8


 400 0173 48       		.byte	72
 401 0174 55       		.byte	85
 402 0175 04       		.byte	4
 403 0176 57       		.byte	87
 404 0177 20       		.byte	32
 405 0178 5A       		.byte	90
 406 0179 02       		.byte	2
 407 017a 5C       		.byte	92
 408 017b 20       		.byte	32
 409 017c 5D       		.byte	93
 410 017d 02       		.byte	2
 411 017e 5E       		.byte	94
 412 017f 80       		.byte	-128
 413 0180 5F       		.byte	95
 414 0181 08       		.byte	8
 415 0182 60       		.byte	96
 416 0183 04       		.byte	4
 417 0184 63       		.byte	99
 418 0185 01       		.byte	1
 419 0186 8F       		.byte	-113
 420 0187 20       		.byte	32
 421 0188 C0       		.byte	-64
 422 0189 07       		.byte	7
 423 018a C2       		.byte	-62
 424 018b 7F       		.byte	127
 425 018c C4       		.byte	-60
 426 018d BF       		.byte	-65
 427 018e CA       		.byte	-54
 428 018f C5       		.byte	-59
 429 0190 CC       		.byte	-52
 430 0191 18       		.byte	24
 431 0192 CE       		.byte	-50
 432 0193 E3       		.byte	-29
 433 0194 D0       		.byte	-48
 434 0195 50       		.byte	80
 435 0196 D2       		.byte	-46
 436 0197 10       		.byte	16
 437 0198 D6       		.byte	-42
 438 0199 F1       		.byte	-15
 439 019a D8       		.byte	-40
 440 019b 0C       		.byte	12
 441 019c EC       		.byte	-20
 442 019d 10       		.byte	16
 443 019e E0       		.byte	-32
 444 019f 02       		.byte	2
 445 01a0 E6       		.byte	-26
 446 01a1 02       		.byte	2
 447 01a2 EA       		.byte	-22
 448 01a3 08       		.byte	8
 449 01a4 EC       		.byte	-20
 450 01a5 04       		.byte	4
 451 01a6 00       		.byte	0
 452 01a7 01       		.byte	1
 453 01a8 01       		.byte	1
 454 01a9 02       		.byte	2
 455 01aa 03       		.byte	3
 456 01ab 1C       		.byte	28
ARM GAS  C:\Users\fedet\AppData\Local\Temp\ccLWVfQ3.s 			page 9


 457 01ac 07       		.byte	7
 458 01ad 06       		.byte	6
 459 01ae 0D       		.byte	13
 460 01af 01       		.byte	1
 461 01b0 0E       		.byte	14
 462 01b1 01       		.byte	1
 463 01b2 10       		.byte	16
 464 01b3 01       		.byte	1
 465 01b4 11       		.byte	17
 466 01b5 02       		.byte	2
 467 01b6 13       		.byte	19
 468 01b7 0C       		.byte	12
 469 01b8 15       		.byte	21
 470 01b9 01       		.byte	1
 471 01ba 18       		.byte	24
 472 01bb 02       		.byte	2
 473 01bc 19       		.byte	25
 474 01bd 01       		.byte	1
 475 01be 1D       		.byte	29
 476 01bf 18       		.byte	24
 477 01c0 1F       		.byte	31
 478 01c1 06       		.byte	6
 479 01c2 21       		.byte	33
 480 01c3 01       		.byte	1
 481 01c4 27       		.byte	39
 482 01c5 10       		.byte	16
 483 01c6 2B       		.byte	43
 484 01c7 18       		.byte	24
 485 01c8 32       		.byte	50
 486 01c9 03       		.byte	3
 487 01ca 33       		.byte	51
 488 01cb 01       		.byte	1
 489 01cc 37       		.byte	55
 490 01cd 1E       		.byte	30
 491 01ce 38       		.byte	56
 492 01cf 08       		.byte	8
 493 01d0 3B       		.byte	59
 494 01d1 80       		.byte	-128
 495 01d2 3F       		.byte	63
 496 01d3 04       		.byte	4
 497 01d4 58       		.byte	88
 498 01d5 04       		.byte	4
 499 01d6 59       		.byte	89
 500 01d7 04       		.byte	4
 501 01d8 5C       		.byte	92
 502 01d9 11       		.byte	17
 503 01da 5F       		.byte	95
 504 01db 01       		.byte	1
 505 01dc 80       		.byte	-128
 506 01dd 03       		.byte	3
 507 01de 81       		.byte	-127
 508 01df 29       		.byte	41
 509 01e0 83       		.byte	-125
 510 01e1 44       		.byte	68
 511 01e2 85       		.byte	-123
 512 01e3 7C       		.byte	124
 513 01e4 89       		.byte	-119
ARM GAS  C:\Users\fedet\AppData\Local\Temp\ccLWVfQ3.s 			page 10


 514 01e5 7C       		.byte	124
 515 01e6 8A       		.byte	-118
 516 01e7 01       		.byte	1
 517 01e8 8C       		.byte	-116
 518 01e9 04       		.byte	4
 519 01ea 8D       		.byte	-115
 520 01eb 03       		.byte	3
 521 01ec 90       		.byte	-112
 522 01ed 03       		.byte	3
 523 01ee 95       		.byte	-107
 524 01ef 52       		.byte	82
 525 01f0 97       		.byte	-105
 526 01f1 24       		.byte	36
 527 01f2 98       		.byte	-104
 528 01f3 04       		.byte	4
 529 01f4 99       		.byte	-103
 530 01f5 03       		.byte	3
 531 01f6 9D       		.byte	-99
 532 01f7 07       		.byte	7
 533 01f8 9F       		.byte	-97
 534 01f9 18       		.byte	24
 535 01fa A0       		.byte	-96
 536 01fb 02       		.byte	2
 537 01fc A3       		.byte	-93
 538 01fd 03       		.byte	3
 539 01fe A7       		.byte	-89
 540 01ff 03       		.byte	3
 541 0200 A8       		.byte	-88
 542 0201 04       		.byte	4
 543 0202 AB       		.byte	-85
 544 0203 03       		.byte	3
 545 0204 B1       		.byte	-79
 546 0205 03       		.byte	3
 547 0206 B2       		.byte	-78
 548 0207 04       		.byte	4
 549 0208 B3       		.byte	-77
 550 0209 60       		.byte	96
 551 020a B4       		.byte	-76
 552 020b 03       		.byte	3
 553 020c B7       		.byte	-73
 554 020d 1C       		.byte	28
 555 020e B8       		.byte	-72
 556 020f 20       		.byte	32
 557 0210 BE       		.byte	-66
 558 0211 10       		.byte	16
 559 0212 C0       		.byte	-64
 560 0213 02       		.byte	2
 561 0214 C6       		.byte	-58
 562 0215 40       		.byte	64
 563 0216 C9       		.byte	-55
 564 0217 FF       		.byte	-1
 565 0218 CA       		.byte	-54
 566 0219 07       		.byte	7
 567 021a CB       		.byte	-53
 568 021b FF       		.byte	-1
 569 021c CC       		.byte	-52
 570 021d 40       		.byte	64
ARM GAS  C:\Users\fedet\AppData\Local\Temp\ccLWVfQ3.s 			page 11


 571 021e CD       		.byte	-51
 572 021f 20       		.byte	32
 573 0220 CE       		.byte	-50
 574 0221 F0       		.byte	-16
 575 0222 CF       		.byte	-49
 576 0223 05       		.byte	5
 577 0224 D0       		.byte	-48
 578 0225 08       		.byte	8
 579 0226 D6       		.byte	-42
 580 0227 02       		.byte	2
 581 0228 D7       		.byte	-41
 582 0229 11       		.byte	17
 583 022a D8       		.byte	-40
 584 022b 04       		.byte	4
 585 022c D9       		.byte	-39
 586 022d 04       		.byte	4
 587 022e DA       		.byte	-38
 588 022f 04       		.byte	4
 589 0230 DB       		.byte	-37
 590 0231 04       		.byte	4
 591 0232 DC       		.byte	-36
 592 0233 11       		.byte	17
 593 0234 DD       		.byte	-35
 594 0235 11       		.byte	17
 595 0236 DF       		.byte	-33
 596 0237 01       		.byte	1
 597 0238 E0       		.byte	-32
 598 0239 40       		.byte	64
 599 023a E1       		.byte	-31
 600 023b A8       		.byte	-88
 601 023c E2       		.byte	-30
 602 023d 40       		.byte	64
 603 023e E3       		.byte	-29
 604 023f 20       		.byte	32
 605 0240 00       		.byte	0
 606 0241 22       		.byte	34
 607 0242 01       		.byte	1
 608 0243 40       		.byte	64
 609 0244 03       		.byte	3
 610 0245 40       		.byte	64
 611 0246 07       		.byte	7
 612 0247 41       		.byte	65
 613 0248 08       		.byte	8
 614 0249 02       		.byte	2
 615 024a 0A       		.byte	10
 616 024b 04       		.byte	4
 617 024c 0B       		.byte	11
 618 024d 80       		.byte	-128
 619 024e 0F       		.byte	15
 620 024f 44       		.byte	68
 621 0250 11       		.byte	17
 622 0251 10       		.byte	16
 623 0252 12       		.byte	18
 624 0253 80       		.byte	-128
 625 0254 18       		.byte	24
 626 0255 04       		.byte	4
 627 0256 19       		.byte	25
ARM GAS  C:\Users\fedet\AppData\Local\Temp\ccLWVfQ3.s 			page 12


 628 0257 08       		.byte	8
 629 0258 1A       		.byte	26
 630 0259 30       		.byte	48
 631 025a 1E       		.byte	30
 632 025b 20       		.byte	32
 633 025c 1F       		.byte	31
 634 025d 04       		.byte	4
 635 025e 21       		.byte	33
 636 025f 48       		.byte	72
 637 0260 22       		.byte	34
 638 0261 41       		.byte	65
 639 0262 26       		.byte	38
 640 0263 80       		.byte	-128
 641 0264 27       		.byte	39
 642 0265 21       		.byte	33
 643 0266 28       		.byte	40
 644 0267 44       		.byte	68
 645 0268 29       		.byte	41
 646 0269 08       		.byte	8
 647 026a 2C       		.byte	44
 648 026b 40       		.byte	64
 649 026c 2E       		.byte	46
 650 026d 01       		.byte	1
 651 026e 2F       		.byte	47
 652 026f 14       		.byte	20
 653 0270 31       		.byte	49
 654 0271 08       		.byte	8
 655 0272 32       		.byte	50
 656 0273 60       		.byte	96
 657 0274 34       		.byte	52
 658 0275 06       		.byte	6
 659 0276 35       		.byte	53
 660 0277 24       		.byte	36
 661 0278 36       		.byte	54
 662 0279 A0       		.byte	-96
 663 027a 38       		.byte	56
 664 027b 42       		.byte	66
 665 027c 39       		.byte	57
 666 027d 14       		.byte	20
 667 027e 3C       		.byte	60
 668 027f 42       		.byte	66
 669 0280 3D       		.byte	61
 670 0281 80       		.byte	-128
 671 0282 3E       		.byte	62
 672 0283 40       		.byte	64
 673 0284 3F       		.byte	63
 674 0285 04       		.byte	4
 675 0286 40       		.byte	64
 676 0287 04       		.byte	4
 677 0288 48       		.byte	72
 678 0289 10       		.byte	16
 679 028a 4B       		.byte	75
 680 028b 04       		.byte	4
 681 028c 50       		.byte	80
 682 028d 10       		.byte	16
 683 028e 53       		.byte	83
 684 028f 10       		.byte	16
ARM GAS  C:\Users\fedet\AppData\Local\Temp\ccLWVfQ3.s 			page 13


 685 0290 5B       		.byte	91
 686 0291 20       		.byte	32
 687 0292 69       		.byte	105
 688 0293 54       		.byte	84
 689 0294 6A       		.byte	106
 690 0295 04       		.byte	4
 691 0296 73       		.byte	115
 692 0297 1A       		.byte	26
 693 0298 93       		.byte	-109
 694 0299 C0       		.byte	-64
 695 029a 94       		.byte	-108
 696 029b 08       		.byte	8
 697 029c 95       		.byte	-107
 698 029d 02       		.byte	2
 699 029e 96       		.byte	-106
 700 029f 02       		.byte	2
 701 02a0 97       		.byte	-105
 702 02a1 28       		.byte	40
 703 02a2 9C       		.byte	-100
 704 02a3 44       		.byte	68
 705 02a4 9D       		.byte	-99
 706 02a5 01       		.byte	1
 707 02a6 9F       		.byte	-97
 708 02a7 41       		.byte	65
 709 02a8 A4       		.byte	-92
 710 02a9 11       		.byte	17
 711 02aa A5       		.byte	-91
 712 02ab 40       		.byte	64
 713 02ac A6       		.byte	-90
 714 02ad B0       		.byte	-80
 715 02ae A8       		.byte	-88
 716 02af 20       		.byte	32
 717 02b0 AB       		.byte	-85
 718 02b1 04       		.byte	4
 719 02b2 B1       		.byte	-79
 720 02b3 02       		.byte	2
 721 02b4 B3       		.byte	-77
 722 02b5 20       		.byte	32
 723 02b6 C0       		.byte	-64
 724 02b7 9B       		.byte	-101
 725 02b8 C2       		.byte	-62
 726 02b9 5A       		.byte	90
 727 02ba C4       		.byte	-60
 728 02bb 0A       		.byte	10
 729 02bc CA       		.byte	-54
 730 02bd E7       		.byte	-25
 731 02be CC       		.byte	-52
 732 02bf FE       		.byte	-2
 733 02c0 CE       		.byte	-50
 734 02c1 DF       		.byte	-33
 735 02c2 D0       		.byte	-48
 736 02c3 04       		.byte	4
 737 02c4 D6       		.byte	-42
 738 02c5 04       		.byte	4
 739 02c6 80       		.byte	-128
 740 02c7 10       		.byte	16
 741 02c8 82       		.byte	-126
ARM GAS  C:\Users\fedet\AppData\Local\Temp\ccLWVfQ3.s 			page 14


 742 02c9 08       		.byte	8
 743 02ca 8A       		.byte	-118
 744 02cb 02       		.byte	2
 745 02cc 8C       		.byte	-116
 746 02cd 06       		.byte	6
 747 02ce 8E       		.byte	-114
 748 02cf 01       		.byte	1
 749 02d0 92       		.byte	-110
 750 02d1 05       		.byte	5
 751 02d2 96       		.byte	-106
 752 02d3 06       		.byte	6
 753 02d4 9A       		.byte	-102
 754 02d5 01       		.byte	1
 755 02d6 9E       		.byte	-98
 756 02d7 03       		.byte	3
 757 02d8 AA       		.byte	-86
 758 02d9 18       		.byte	24
 759 02da B0       		.byte	-80
 760 02db 08       		.byte	8
 761 02dc B2       		.byte	-78
 762 02dd 10       		.byte	16
 763 02de B6       		.byte	-74
 764 02df 07       		.byte	7
 765 02e0 B9       		.byte	-71
 766 02e1 02       		.byte	2
 767 02e2 BA       		.byte	-70
 768 02e3 80       		.byte	-128
 769 02e4 BE       		.byte	-66
 770 02e5 05       		.byte	5
 771 02e6 D8       		.byte	-40
 772 02e7 04       		.byte	4
 773 02e8 D9       		.byte	-39
 774 02e9 04       		.byte	4
 775 02ea DC       		.byte	-36
 776 02eb 21       		.byte	33
 777 02ec DF       		.byte	-33
 778 02ed 01       		.byte	1
 779 02ee 00       		.byte	0
 780 02ef 44       		.byte	68
 781 02f0 01       		.byte	1
 782 02f1 02       		.byte	2
 783 02f2 02       		.byte	2
 784 02f3 08       		.byte	8
 785 02f4 04       		.byte	4
 786 02f5 20       		.byte	32
 787 02f6 07       		.byte	7
 788 02f7 41       		.byte	65
 789 02f8 08       		.byte	8
 790 02f9 02       		.byte	2
 791 02fa 0A       		.byte	10
 792 02fb 29       		.byte	41
 793 02fc 0D       		.byte	13
 794 02fd 80       		.byte	-128
 795 02fe 0E       		.byte	14
 796 02ff 20       		.byte	32
 797 0300 0F       		.byte	15
 798 0301 44       		.byte	68
ARM GAS  C:\Users\fedet\AppData\Local\Temp\ccLWVfQ3.s 			page 15


 799 0302 10       		.byte	16
 800 0303 40       		.byte	64
 801 0304 11       		.byte	17
 802 0305 40       		.byte	64
 803 0306 12       		.byte	18
 804 0307 14       		.byte	20
 805 0308 13       		.byte	19
 806 0309 1A       		.byte	26
 807 030a 14       		.byte	20
 808 030b 08       		.byte	8
 809 030c 18       		.byte	24
 810 030d 04       		.byte	4
 811 030e 19       		.byte	25
 812 030f 26       		.byte	38
 813 0310 1A       		.byte	26
 814 0311 43       		.byte	67
 815 0312 1C       		.byte	28
 816 0313 02       		.byte	2
 817 0314 1D       		.byte	29
 818 0315 80       		.byte	-128
 819 0316 1F       		.byte	31
 820 0317 0A       		.byte	10
 821 0318 20       		.byte	32
 822 0319 01       		.byte	1
 823 031a 21       		.byte	33
 824 031b 01       		.byte	1
 825 031c 22       		.byte	34
 826 031d 06       		.byte	6
 827 031e 27       		.byte	39
 828 031f 40       		.byte	64
 829 0320 28       		.byte	40
 830 0321 02       		.byte	2
 831 0322 29       		.byte	41
 832 0323 22       		.byte	34
 833 0324 30       		.byte	48
 834 0325 40       		.byte	64
 835 0326 31       		.byte	49
 836 0327 08       		.byte	8
 837 0328 32       		.byte	50
 838 0329 19       		.byte	25
 839 032a 38       		.byte	56
 840 032b 42       		.byte	66
 841 032c 39       		.byte	57
 842 032d 80       		.byte	-128
 843 032e 3A       		.byte	58
 844 032f 14       		.byte	20
 845 0330 40       		.byte	64
 846 0331 01       		.byte	1
 847 0332 42       		.byte	66
 848 0333 50       		.byte	80
 849 0334 49       		.byte	73
 850 0335 21       		.byte	33
 851 0336 4A       		.byte	74
 852 0337 02       		.byte	2
 853 0338 50       		.byte	80
 854 0339 04       		.byte	4
 855 033a 80       		.byte	-128
ARM GAS  C:\Users\fedet\AppData\Local\Temp\ccLWVfQ3.s 			page 16


 856 033b 02       		.byte	2
 857 033c 81       		.byte	-127
 858 033d 04       		.byte	4
 859 033e 87       		.byte	-121
 860 033f 08       		.byte	8
 861 0340 8C       		.byte	-116
 862 0341 01       		.byte	1
 863 0342 8D       		.byte	-115
 864 0343 40       		.byte	64
 865 0344 90       		.byte	-112
 866 0345 20       		.byte	32
 867 0346 91       		.byte	-111
 868 0347 80       		.byte	-128
 869 0348 92       		.byte	-110
 870 0349 30       		.byte	48
 871 034a 93       		.byte	-109
 872 034b 54       		.byte	84
 873 034c 94       		.byte	-108
 874 034d 0A       		.byte	10
 875 034e 95       		.byte	-107
 876 034f 02       		.byte	2
 877 0350 96       		.byte	-106
 878 0351 41       		.byte	65
 879 0352 98       		.byte	-104
 880 0353 08       		.byte	8
 881 0354 9B       		.byte	-101
 882 0355 0B       		.byte	11
 883 0356 9D       		.byte	-99
 884 0357 25       		.byte	37
 885 0358 A1       		.byte	-95
 886 0359 08       		.byte	8
 887 035a A2       		.byte	-94
 888 035b 10       		.byte	16
 889 035c A4       		.byte	-92
 890 035d 01       		.byte	1
 891 035e A7       		.byte	-89
 892 035f 02       		.byte	2
 893 0360 A8       		.byte	-88
 894 0361 08       		.byte	8
 895 0362 AF       		.byte	-81
 896 0363 02       		.byte	2
 897 0364 C0       		.byte	-64
 898 0365 DF       		.byte	-33
 899 0366 C2       		.byte	-62
 900 0367 FF       		.byte	-1
 901 0368 C4       		.byte	-60
 902 0369 4F       		.byte	79
 903 036a CA       		.byte	-54
 904 036b 0D       		.byte	13
 905 036c CC       		.byte	-52
 906 036d 0F       		.byte	15
 907 036e CE       		.byte	-50
 908 036f 0F       		.byte	15
 909 0370 D0       		.byte	-48
 910 0371 0B       		.byte	11
 911 0372 D2       		.byte	-46
 912 0373 0C       		.byte	12
ARM GAS  C:\Users\fedet\AppData\Local\Temp\ccLWVfQ3.s 			page 17


 913 0374 EC       		.byte	-20
 914 0375 04       		.byte	4
 915 0376 39       		.byte	57
 916 0377 01       		.byte	1
 917 0378 3F       		.byte	63
 918 0379 40       		.byte	64
 919 037a CE       		.byte	-50
 920 037b 60       		.byte	96
 921 037c 95       		.byte	-107
 922 037d 01       		.byte	1
 923 037e 97       		.byte	-105
 924 037f 40       		.byte	64
 925 0380 5B       		.byte	91
 926 0381 08       		.byte	8
 927 0382 87       		.byte	-121
 928 0383 09       		.byte	9
 929 0384 95       		.byte	-107
 930 0385 01       		.byte	1
 931 0386 97       		.byte	-105
 932 0387 40       		.byte	64
 933 0388 D6       		.byte	-42
 934 0389 40       		.byte	64
 935 038a E0       		.byte	-32
 936 038b 40       		.byte	64
 937 038c E2       		.byte	-30
 938 038d 10       		.byte	16
 939 038e 95       		.byte	-107
 940 038f 01       		.byte	1
 941 0390 97       		.byte	-105
 942 0391 40       		.byte	64
 943 0392 9F       		.byte	-97
 944 0393 01       		.byte	1
 945 0394 7C       		.byte	124
 946 0395 01       		.byte	1
 947 0396 DE       		.byte	-34
 948 0397 01       		.byte	1
 949 0398 94       		.byte	-108
 950 0399 01       		.byte	1
 951 039a 33       		.byte	51
 952 039b 80       		.byte	-128
 953 039c 45       		.byte	69
 954 039d 08       		.byte	8
 955 039e 85       		.byte	-123
 956 039f 08       		.byte	8
 957 03a0 94       		.byte	-108
 958 03a1 01       		.byte	1
 959 03a2 CC       		.byte	-52
 960 03a3 08       		.byte	8
 961 03a4 D0       		.byte	-48
 962 03a5 01       		.byte	1
 963 03a6 8E       		.byte	-114
 964 03a7 10       		.byte	16
 965 03a8 A7       		.byte	-89
 966 03a9 80       		.byte	-128
 967 03aa B4       		.byte	-76
 968 03ab 01       		.byte	1
 969 03ac E4       		.byte	-28
ARM GAS  C:\Users\fedet\AppData\Local\Temp\ccLWVfQ3.s 			page 18


 970 03ad 08       		.byte	8
 971 03ae EC       		.byte	-20
 972 03af 08       		.byte	8
 973 03b0 24       		.byte	36
 974 03b1 40       		.byte	64
 975 03b2 27       		.byte	39
 976 03b3 01       		.byte	1
 977 03b4 95       		.byte	-107
 978 03b5 01       		.byte	1
 979 03b6 97       		.byte	-105
 980 03b7 40       		.byte	64
 981 03b8 9F       		.byte	-97
 982 03b9 01       		.byte	1
 983 03ba C8       		.byte	-56
 984 03bb A0       		.byte	-96
 985 03bc 87       		.byte	-121
 986 03bd 40       		.byte	64
 987 03be 97       		.byte	-105
 988 03bf 40       		.byte	64
 989 03c0 A8       		.byte	-88
 990 03c1 40       		.byte	64
 991 03c2 AD       		.byte	-83
 992 03c3 01       		.byte	1
 993 03c4 E6       		.byte	-26
 994 03c5 40       		.byte	64
 995 03c6 EA       		.byte	-22
 996 03c7 10       		.byte	16
 997 03c8 EC       		.byte	-20
 998 03c9 20       		.byte	32
 999 03ca 92       		.byte	-110
 1000 03cb 10       		.byte	16
 1001 03cc A7       		.byte	-89
 1002 03cd 80       		.byte	-128
 1003 03ce 12       		.byte	18
 1004 03cf 80       		.byte	-128
 1005 03d0 72       		.byte	114
 1006 03d1 10       		.byte	16
 1007 03d2 8E       		.byte	-114
 1008 03d3 80       		.byte	-128
 1009 03d4 92       		.byte	-110
 1010 03d5 10       		.byte	16
 1011 03d6 AB       		.byte	-85
 1012 03d7 80       		.byte	-128
 1013 03d8 C4       		.byte	-60
 1014 03d9 08       		.byte	8
 1015 03da DC       		.byte	-36
 1016 03db 01       		.byte	1
 1017 03dc E2       		.byte	-30
 1018 03dd 02       		.byte	2
 1019 03de 00       		.byte	0
 1020 03df 02       		.byte	2
 1021 03e0 0C       		.byte	12
 1022 03e1 02       		.byte	2
 1023 03e2 10       		.byte	16
 1024 03e3 06       		.byte	6
 1025 03e4 1C       		.byte	28
 1026 03e5 06       		.byte	6
ARM GAS  C:\Users\fedet\AppData\Local\Temp\ccLWVfQ3.s 			page 19


 1027 03e6 10       		.byte	16
 1028 03e7 0A       		.byte	10
 1029 03e8 FF       		.byte	-1
 1030 03e9 00       		.byte	0
 1031 03ea 00       		.byte	0
 1032 03eb 30       		.byte	48
 1033 03ec F3       		.byte	-13
 1034 03ed 06       		.byte	6
 1035 03ee 0C       		.byte	12
 1036 03ef 00       		.byte	0
 1037 03f0 02       		.byte	2
 1038 03f1 02       		.byte	2
 1039 03f2 00       		.byte	0
 1040 03f3 00       		.byte	0
 1041 03f4 03       		.byte	3
 1042 03f5 00       		.byte	0
 1043 03f6 00       		.byte	0
 1044 03f7 08       		.byte	8
 1045 03f8 4F       		.byte	79
 1046 03f9 07       		.byte	7
 1047 03fa 90       		.byte	-112
 1048 03fb 00       		.byte	0
 1049 03fc 00       		.byte	0
 1050 03fd 00       		.byte	0
 1051 03fe B3       		.byte	-77
 1052 03ff 10       		.byte	16
 1053 0400 00       		.byte	0
 1054 0401 00       		.byte	0
 1055 0402 40       		.byte	64
 1056 0403 01       		.byte	1
 1057 0404 4C       		.byte	76
 1058 0405 04       		.byte	4
 1059 0406 A3       		.byte	-93
 1060 0407 00       		.byte	0
 1061 0408 08       		.byte	8
 1062 0409 07       		.byte	7
 1063 040a 00       		.byte	0
 1064 040b 00       		.byte	0
 1065 040c 04       		.byte	4
 1066 040d 00       		.byte	0
 1067 040e 00       		.byte	0
 1068 040f 00       		.byte	0
 1069 0410 0C       		.byte	12
 1070 0411 01       		.byte	1
 1071 0412 00       		.byte	0
 1072 0413 06       		.byte	6
 1073 0414 41       		.byte	65
 1074 0415 06       		.byte	6
 1075 0416 00       		.byte	0
 1076 0417 01       		.byte	1
 1077 0418 00       		.byte	0
 1078 0419 07       		.byte	7
 1079 041a 8C       		.byte	-116
 1080 041b 20       		.byte	32
 1081 041c 0F       		.byte	15
 1082 041d 00       		.byte	0
 1083 041e 7C       		.byte	124
ARM GAS  C:\Users\fedet\AppData\Local\Temp\ccLWVfQ3.s 			page 20


 1084 041f 18       		.byte	24
 1085 0420 00       		.byte	0
 1086 0421 00       		.byte	0
 1087 0422 AA       		.byte	-86
 1088 0423 00       		.byte	0
 1089 0424 00       		.byte	0
 1090 0425 00       		.byte	0
 1091 0426 00       		.byte	0
 1092 0427 40       		.byte	64
 1093 0428 63       		.byte	99
 1094 0429 04       		.byte	4
 1095 042a 05       		.byte	5
 1096 042b 00       		.byte	0
 1097 042c 01       		.byte	1
 1098 042d C0       		.byte	-64
 1099 042e 00       		.byte	0
 1100 042f 0E       		.byte	14
 1101 0430 12       		.byte	18
 1102 0431 FF       		.byte	-1
 1103 0432 FF       		.byte	-1
 1104 0433 FF       		.byte	-1
 1105 0434 62       		.byte	98
 1106 0435 A0       		.byte	-96
 1107 0436 F0       		.byte	-16
 1108 0437 41       		.byte	65
 1109 0438 0C       		.byte	12
 1110 0439 00       		.byte	0
 1111 043a 00       		.byte	0
 1112 043b 00       		.byte	0
 1113 043c 00       		.byte	0
 1114 043d 00       		.byte	0
 1115 043e 00       		.byte	0
 1116 043f 00       		.byte	0
 1117 0440 04       		.byte	4
 1118 0441 04       		.byte	4
 1119 0442 04       		.byte	4
 1120 0443 00       		.byte	0
 1121 0444 11       		.byte	17
 1122 0445 01       		.byte	1
 1123 0446 00       		.byte	0
 1124 0447 01       		.byte	1
 1125 0448 00       		.byte	0
 1126 0449 00       		.byte	0
 1127 044a 00       		.byte	0
 1128 044b 00       		.byte	0
 1129 044c 00       		.byte	0
 1130 044d 00       		.byte	0
 1131 044e 40       		.byte	64
 1132 044f 02       		.byte	2
 1133 0450 00       		.byte	0
 1134 0451 10       		.byte	16
 1135 0452 30       		.byte	48
 1136 0453 10       		.byte	16
 1137 0454 00       		.byte	0
 1138 0455 10       		.byte	16
 1139 0456 10       		.byte	16
 1140 0457 12       		.byte	18
ARM GAS  C:\Users\fedet\AppData\Local\Temp\ccLWVfQ3.s 			page 21


 1141 0458 00       		.byte	0
 1142 0459 00       		.byte	0
 1143 045a 00       		.byte	0
 1144 045b 00       		.byte	0
 1145 045c 00       		.byte	0
 1146 045d 00       		.byte	0
 1147 045e 00       		.byte	0
 1148 045f 00       		.byte	0
 1149 0460 00       		.byte	0
 1150 0461 00       		.byte	0
 1151 0462 00       		.byte	0
 1152 0463 00       		.byte	0
 1153 0464 00       		.byte	0
 1154 0465 00       		.byte	0
 1155 0466 00       		.byte	0
 1156 0467 00       		.byte	0
 1157 0468 80       		.byte	-128
 1158 0469 00       		.byte	0
 1159 046a 40       		.byte	64
 1160 046b 80       		.byte	-128
 1161 046c 80       		.byte	-128
 1162 046d 00       		.byte	0
 1163 046e 80       		.byte	-128
 1164 046f 00       		.byte	0
 1165 0470 00       		.byte	0
 1166 0471 00       		.byte	0
 1167 0472 00       		.byte	0
 1168 0473 00       		.byte	0
 1169 0474 00       		.byte	0
 1170 0475 0B       		.byte	11
 1171 0476 0B       		.byte	11
 1172 0477 00       		.byte	0
 1173 0478 00       		.byte	0
 1174 0479 00       		.byte	0
 1175 047a 00       		.byte	0
 1176 047b 00       		.byte	0
 1177 047c 00       		.byte	0
 1178 047d 02       		.byte	2
 1179 047e 02       		.byte	2
 1180 047f 00       		.byte	0
 1181 0480 00       		.byte	0
 1182 0481 00       		.byte	0
 1183 0482 00       		.byte	0
 1184 0483 00       		.byte	0
 1185 0484 25       		.byte	37
 1186 0485 00       		.byte	0
 1187 0486 18       		.byte	24
 1188 0487 01       		.byte	1
 1189              		.section	.cywolatch,"a",%progbits
 1190              		.align	2
 1191              		.type	cy_meta_wonvl, %object
 1192              		.size	cy_meta_wonvl, 4
 1193              	cy_meta_wonvl:
 1194 0000 BC       		.byte	-68
 1195 0001 90       		.byte	-112
 1196 0002 AC       		.byte	-84
 1197 0003 AF       		.byte	-81
ARM GAS  C:\Users\fedet\AppData\Local\Temp\ccLWVfQ3.s 			page 22


 1198              		.section	.cycustnvl,"a",%progbits
 1199              		.align	2
 1200              		.type	cy_meta_custnvl, %object
 1201              		.size	cy_meta_custnvl, 4
 1202              	cy_meta_custnvl:
 1203 0000 00       		.byte	0
 1204 0001 00       		.byte	0
 1205 0002 40       		.byte	64
 1206 0003 05       		.byte	5
 1207              		.section	.cymeta,"a",%progbits
 1208              		.align	2
 1209              		.type	cy_metadata, %object
 1210              		.size	cy_metadata, 12
 1211              	cy_metadata:
 1212 0000 00       		.byte	0
 1213 0001 01       		.byte	1
 1214 0002 2E       		.byte	46
 1215 0003 16       		.byte	22
 1216 0004 10       		.byte	16
 1217 0005 69       		.byte	105
 1218 0006 00       		.byte	0
 1219 0007 01       		.byte	1
 1220 0008 00       		.byte	0
 1221 0009 00       		.byte	0
 1222 000a 00       		.byte	0
 1223 000b 00       		.byte	0
 1224              		.section	.cyflashprotect,"a",%progbits
 1225              		.align	2
 1226              		.type	cy_meta_flashprotect, %object
 1227              		.size	cy_meta_flashprotect, 256
 1228              	cy_meta_flashprotect:
 1229 0000 00000000 		.space	256
 1229      00000000 
 1229      00000000 
 1229      00000000 
 1229      00000000 
 1230              		.text
 1231              	.Letext0:
 1232              		.file 1 "d:\\programmi\\psoc creator\\4.4\\psoc creator\\import\\gnu\\arm\\5.4.1\\arm-none-eabi\\i
 1233              		.file 2 "d:\\programmi\\psoc creator\\4.4\\psoc creator\\import\\gnu\\arm\\5.4.1\\arm-none-eabi\\i
 1234              		.file 3 "Generated_Source\\PSoC5\\cymetadata.c"
 1235              		.section	.debug_info,"",%progbits
 1236              	.Ldebug_info0:
 1237 0000 32010000 		.4byte	0x132
 1238 0004 0400     		.2byte	0x4
 1239 0006 00000000 		.4byte	.Ldebug_abbrev0
 1240 000a 04       		.byte	0x4
 1241 000b 01       		.uleb128 0x1
 1242 000c 72000000 		.4byte	.LASF17
 1243 0010 0C       		.byte	0xc
 1244 0011 CC010000 		.4byte	.LASF18
 1245 0015 16000000 		.4byte	.LASF19
 1246 0019 00000000 		.4byte	.Ldebug_line0
 1247 001d 02       		.uleb128 0x2
 1248 001e 01       		.byte	0x1
 1249 001f 06       		.byte	0x6
 1250 0020 C0010000 		.4byte	.LASF0
ARM GAS  C:\Users\fedet\AppData\Local\Temp\ccLWVfQ3.s 			page 23


 1251 0024 03       		.uleb128 0x3
 1252 0025 00000000 		.4byte	.LASF9
 1253 0029 01       		.byte	0x1
 1254 002a 1D       		.byte	0x1d
 1255 002b 2F000000 		.4byte	0x2f
 1256 002f 02       		.uleb128 0x2
 1257 0030 01       		.byte	0x1
 1258 0031 08       		.byte	0x8
 1259 0032 64000000 		.4byte	.LASF1
 1260 0036 02       		.uleb128 0x2
 1261 0037 02       		.byte	0x2
 1262 0038 05       		.byte	0x5
 1263 0039 AD010000 		.4byte	.LASF2
 1264 003d 02       		.uleb128 0x2
 1265 003e 02       		.byte	0x2
 1266 003f 07       		.byte	0x7
 1267 0040 12010000 		.4byte	.LASF3
 1268 0044 02       		.uleb128 0x2
 1269 0045 04       		.byte	0x4
 1270 0046 05       		.byte	0x5
 1271 0047 B7010000 		.4byte	.LASF4
 1272 004b 02       		.uleb128 0x2
 1273 004c 04       		.byte	0x4
 1274 004d 07       		.byte	0x7
 1275 004e 00010000 		.4byte	.LASF5
 1276 0052 02       		.uleb128 0x2
 1277 0053 08       		.byte	0x8
 1278 0054 05       		.byte	0x5
 1279 0055 9F010000 		.4byte	.LASF6
 1280 0059 02       		.uleb128 0x2
 1281 005a 08       		.byte	0x8
 1282 005b 07       		.byte	0x7
 1283 005c 54010000 		.4byte	.LASF7
 1284 0060 04       		.uleb128 0x4
 1285 0061 04       		.byte	0x4
 1286 0062 05       		.byte	0x5
 1287 0063 696E7400 		.ascii	"int\000"
 1288 0067 02       		.uleb128 0x2
 1289 0068 04       		.byte	0x4
 1290 0069 07       		.byte	0x7
 1291 006a 47010000 		.4byte	.LASF8
 1292 006e 03       		.uleb128 0x3
 1293 006f 6B010000 		.4byte	.LASF10
 1294 0073 02       		.byte	0x2
 1295 0074 18       		.byte	0x18
 1296 0075 24000000 		.4byte	0x24
 1297 0079 05       		.uleb128 0x5
 1298 007a 91000000 		.4byte	0x91
 1299 007e 8A000000 		.4byte	0x8a
 1300 0082 06       		.uleb128 0x6
 1301 0083 8A000000 		.4byte	0x8a
 1302 0087 8704     		.2byte	0x487
 1303 0089 00       		.byte	0
 1304 008a 02       		.uleb128 0x2
 1305 008b 04       		.byte	0x4
 1306 008c 07       		.byte	0x7
 1307 008d 96010000 		.4byte	.LASF11
ARM GAS  C:\Users\fedet\AppData\Local\Temp\ccLWVfQ3.s 			page 24


 1308 0091 07       		.uleb128 0x7
 1309 0092 6E000000 		.4byte	0x6e
 1310 0096 08       		.uleb128 0x8
 1311 0097 35010000 		.4byte	.LASF12
 1312 009b 03       		.byte	0x3
 1313 009c 1F       		.byte	0x1f
 1314 009d A7000000 		.4byte	0xa7
 1315 00a1 05       		.uleb128 0x5
 1316 00a2 03       		.byte	0x3
 1317 00a3 00000000 		.4byte	cy_meta_configecc
 1318 00a7 07       		.uleb128 0x7
 1319 00a8 79000000 		.4byte	0x79
 1320 00ac 05       		.uleb128 0x5
 1321 00ad 91000000 		.4byte	0x91
 1322 00b1 BC000000 		.4byte	0xbc
 1323 00b5 09       		.uleb128 0x9
 1324 00b6 8A000000 		.4byte	0x8a
 1325 00ba 03       		.byte	0x3
 1326 00bb 00       		.byte	0
 1327 00bc 08       		.uleb128 0x8
 1328 00bd 25010000 		.4byte	.LASF13
 1329 00c1 03       		.byte	0x3
 1330 00c2 BD       		.byte	0xbd
 1331 00c3 CD000000 		.4byte	0xcd
 1332 00c7 05       		.uleb128 0x5
 1333 00c8 03       		.byte	0x3
 1334 00c9 00000000 		.4byte	cy_meta_custnvl
 1335 00cd 07       		.uleb128 0x7
 1336 00ce AC000000 		.4byte	0xac
 1337 00d2 08       		.uleb128 0x8
 1338 00d3 88010000 		.4byte	.LASF14
 1339 00d7 03       		.byte	0x3
 1340 00d8 CB       		.byte	0xcb
 1341 00d9 E3000000 		.4byte	0xe3
 1342 00dd 05       		.uleb128 0x5
 1343 00de 03       		.byte	0x3
 1344 00df 00000000 		.4byte	cy_meta_wonvl
 1345 00e3 07       		.uleb128 0x7
 1346 00e4 AC000000 		.4byte	0xac
 1347 00e8 05       		.uleb128 0x5
 1348 00e9 91000000 		.4byte	0x91
 1349 00ed F8000000 		.4byte	0xf8
 1350 00f1 09       		.uleb128 0x9
 1351 00f2 8A000000 		.4byte	0x8a
 1352 00f6 FF       		.byte	0xff
 1353 00f7 00       		.byte	0
 1354 00f8 08       		.uleb128 0x8
 1355 00f9 73010000 		.4byte	.LASF15
 1356 00fd 03       		.byte	0x3
 1357 00fe D9       		.byte	0xd9
 1358 00ff 09010000 		.4byte	0x109
 1359 0103 05       		.uleb128 0x5
 1360 0104 03       		.byte	0x3
 1361 0105 00000000 		.4byte	cy_meta_flashprotect
 1362 0109 07       		.uleb128 0x7
 1363 010a E8000000 		.4byte	0xe8
 1364 010e 05       		.uleb128 0x5
ARM GAS  C:\Users\fedet\AppData\Local\Temp\ccLWVfQ3.s 			page 25


 1365 010f 91000000 		.4byte	0x91
 1366 0113 1E010000 		.4byte	0x11e
 1367 0117 09       		.uleb128 0x9
 1368 0118 8A000000 		.4byte	0x8a
 1369 011c 0B       		.byte	0xb
 1370 011d 00       		.byte	0
 1371 011e 0A       		.uleb128 0xa
 1372 011f 0A000000 		.4byte	.LASF16
 1373 0123 03       		.byte	0x3
 1374 0124 0601     		.2byte	0x106
 1375 0126 30010000 		.4byte	0x130
 1376 012a 05       		.uleb128 0x5
 1377 012b 03       		.byte	0x3
 1378 012c 00000000 		.4byte	cy_metadata
 1379 0130 07       		.uleb128 0x7
 1380 0131 0E010000 		.4byte	0x10e
 1381 0135 00       		.byte	0
 1382              		.section	.debug_abbrev,"",%progbits
 1383              	.Ldebug_abbrev0:
 1384 0000 01       		.uleb128 0x1
 1385 0001 11       		.uleb128 0x11
 1386 0002 01       		.byte	0x1
 1387 0003 25       		.uleb128 0x25
 1388 0004 0E       		.uleb128 0xe
 1389 0005 13       		.uleb128 0x13
 1390 0006 0B       		.uleb128 0xb
 1391 0007 03       		.uleb128 0x3
 1392 0008 0E       		.uleb128 0xe
 1393 0009 1B       		.uleb128 0x1b
 1394 000a 0E       		.uleb128 0xe
 1395 000b 10       		.uleb128 0x10
 1396 000c 17       		.uleb128 0x17
 1397 000d 00       		.byte	0
 1398 000e 00       		.byte	0
 1399 000f 02       		.uleb128 0x2
 1400 0010 24       		.uleb128 0x24
 1401 0011 00       		.byte	0
 1402 0012 0B       		.uleb128 0xb
 1403 0013 0B       		.uleb128 0xb
 1404 0014 3E       		.uleb128 0x3e
 1405 0015 0B       		.uleb128 0xb
 1406 0016 03       		.uleb128 0x3
 1407 0017 0E       		.uleb128 0xe
 1408 0018 00       		.byte	0
 1409 0019 00       		.byte	0
 1410 001a 03       		.uleb128 0x3
 1411 001b 16       		.uleb128 0x16
 1412 001c 00       		.byte	0
 1413 001d 03       		.uleb128 0x3
 1414 001e 0E       		.uleb128 0xe
 1415 001f 3A       		.uleb128 0x3a
 1416 0020 0B       		.uleb128 0xb
 1417 0021 3B       		.uleb128 0x3b
 1418 0022 0B       		.uleb128 0xb
 1419 0023 49       		.uleb128 0x49
 1420 0024 13       		.uleb128 0x13
 1421 0025 00       		.byte	0
ARM GAS  C:\Users\fedet\AppData\Local\Temp\ccLWVfQ3.s 			page 26


 1422 0026 00       		.byte	0
 1423 0027 04       		.uleb128 0x4
 1424 0028 24       		.uleb128 0x24
 1425 0029 00       		.byte	0
 1426 002a 0B       		.uleb128 0xb
 1427 002b 0B       		.uleb128 0xb
 1428 002c 3E       		.uleb128 0x3e
 1429 002d 0B       		.uleb128 0xb
 1430 002e 03       		.uleb128 0x3
 1431 002f 08       		.uleb128 0x8
 1432 0030 00       		.byte	0
 1433 0031 00       		.byte	0
 1434 0032 05       		.uleb128 0x5
 1435 0033 01       		.uleb128 0x1
 1436 0034 01       		.byte	0x1
 1437 0035 49       		.uleb128 0x49
 1438 0036 13       		.uleb128 0x13
 1439 0037 01       		.uleb128 0x1
 1440 0038 13       		.uleb128 0x13
 1441 0039 00       		.byte	0
 1442 003a 00       		.byte	0
 1443 003b 06       		.uleb128 0x6
 1444 003c 21       		.uleb128 0x21
 1445 003d 00       		.byte	0
 1446 003e 49       		.uleb128 0x49
 1447 003f 13       		.uleb128 0x13
 1448 0040 2F       		.uleb128 0x2f
 1449 0041 05       		.uleb128 0x5
 1450 0042 00       		.byte	0
 1451 0043 00       		.byte	0
 1452 0044 07       		.uleb128 0x7
 1453 0045 26       		.uleb128 0x26
 1454 0046 00       		.byte	0
 1455 0047 49       		.uleb128 0x49
 1456 0048 13       		.uleb128 0x13
 1457 0049 00       		.byte	0
 1458 004a 00       		.byte	0
 1459 004b 08       		.uleb128 0x8
 1460 004c 34       		.uleb128 0x34
 1461 004d 00       		.byte	0
 1462 004e 03       		.uleb128 0x3
 1463 004f 0E       		.uleb128 0xe
 1464 0050 3A       		.uleb128 0x3a
 1465 0051 0B       		.uleb128 0xb
 1466 0052 3B       		.uleb128 0x3b
 1467 0053 0B       		.uleb128 0xb
 1468 0054 49       		.uleb128 0x49
 1469 0055 13       		.uleb128 0x13
 1470 0056 3F       		.uleb128 0x3f
 1471 0057 19       		.uleb128 0x19
 1472 0058 02       		.uleb128 0x2
 1473 0059 18       		.uleb128 0x18
 1474 005a 00       		.byte	0
 1475 005b 00       		.byte	0
 1476 005c 09       		.uleb128 0x9
 1477 005d 21       		.uleb128 0x21
 1478 005e 00       		.byte	0
ARM GAS  C:\Users\fedet\AppData\Local\Temp\ccLWVfQ3.s 			page 27


 1479 005f 49       		.uleb128 0x49
 1480 0060 13       		.uleb128 0x13
 1481 0061 2F       		.uleb128 0x2f
 1482 0062 0B       		.uleb128 0xb
 1483 0063 00       		.byte	0
 1484 0064 00       		.byte	0
 1485 0065 0A       		.uleb128 0xa
 1486 0066 34       		.uleb128 0x34
 1487 0067 00       		.byte	0
 1488 0068 03       		.uleb128 0x3
 1489 0069 0E       		.uleb128 0xe
 1490 006a 3A       		.uleb128 0x3a
 1491 006b 0B       		.uleb128 0xb
 1492 006c 3B       		.uleb128 0x3b
 1493 006d 05       		.uleb128 0x5
 1494 006e 49       		.uleb128 0x49
 1495 006f 13       		.uleb128 0x13
 1496 0070 3F       		.uleb128 0x3f
 1497 0071 19       		.uleb128 0x19
 1498 0072 02       		.uleb128 0x2
 1499 0073 18       		.uleb128 0x18
 1500 0074 00       		.byte	0
 1501 0075 00       		.byte	0
 1502 0076 00       		.byte	0
 1503              		.section	.debug_aranges,"",%progbits
 1504 0000 14000000 		.4byte	0x14
 1505 0004 0200     		.2byte	0x2
 1506 0006 00000000 		.4byte	.Ldebug_info0
 1507 000a 04       		.byte	0x4
 1508 000b 00       		.byte	0
 1509 000c 0000     		.2byte	0
 1510 000e 0000     		.2byte	0
 1511 0010 00000000 		.4byte	0
 1512 0014 00000000 		.4byte	0
 1513              		.section	.debug_line,"",%progbits
 1514              	.Ldebug_line0:
 1515 0000 19010000 		.section	.debug_str,"MS",%progbits,1
 1515      02001301 
 1515      00000201 
 1515      FB0E0D00 
 1515      01010101 
 1516              	.LASF9:
 1517 0000 5F5F7569 		.ascii	"__uint8_t\000"
 1517      6E74385F 
 1517      7400
 1518              	.LASF16:
 1519 000a 63795F6D 		.ascii	"cy_metadata\000"
 1519      65746164 
 1519      61746100 
 1520              	.LASF19:
 1521 0016 443A5C55 		.ascii	"D:\\Users\\Desktop\\LAB_Proj4\\LAB_Project4_RealTim"
 1521      73657273 
 1521      5C446573 
 1521      6B746F70 
 1521      5C4C4142 
 1522 0045 6542696F 		.ascii	"eBioSign\\Project4_prova1.cydsn\000"
 1522      5369676E 
ARM GAS  C:\Users\fedet\AppData\Local\Temp\ccLWVfQ3.s 			page 28


 1522      5C50726F 
 1522      6A656374 
 1522      345F7072 
 1523              	.LASF1:
 1524 0064 756E7369 		.ascii	"unsigned char\000"
 1524      676E6564 
 1524      20636861 
 1524      7200
 1525              	.LASF17:
 1526 0072 474E5520 		.ascii	"GNU C11 5.4.1 20160609 (release) [ARM/embedded-5-br"
 1526      43313120 
 1526      352E342E 
 1526      31203230 
 1526      31363036 
 1527 00a5 616E6368 		.ascii	"anch revision 237715] -mcpu=cortex-m3 -mthumb -g -O"
 1527      20726576 
 1527      6973696F 
 1527      6E203233 
 1527      37373135 
 1528 00d8 67202D66 		.ascii	"g -ffunction-sections -ffat-lto-objects\000"
 1528      66756E63 
 1528      74696F6E 
 1528      2D736563 
 1528      74696F6E 
 1529              	.LASF5:
 1530 0100 6C6F6E67 		.ascii	"long unsigned int\000"
 1530      20756E73 
 1530      69676E65 
 1530      6420696E 
 1530      7400
 1531              	.LASF3:
 1532 0112 73686F72 		.ascii	"short unsigned int\000"
 1532      7420756E 
 1532      7369676E 
 1532      65642069 
 1532      6E7400
 1533              	.LASF13:
 1534 0125 63795F6D 		.ascii	"cy_meta_custnvl\000"
 1534      6574615F 
 1534      63757374 
 1534      6E766C00 
 1535              	.LASF12:
 1536 0135 63795F6D 		.ascii	"cy_meta_configecc\000"
 1536      6574615F 
 1536      636F6E66 
 1536      69676563 
 1536      6300
 1537              	.LASF8:
 1538 0147 756E7369 		.ascii	"unsigned int\000"
 1538      676E6564 
 1538      20696E74 
 1538      00
 1539              	.LASF7:
 1540 0154 6C6F6E67 		.ascii	"long long unsigned int\000"
 1540      206C6F6E 
 1540      6720756E 
 1540      7369676E 
ARM GAS  C:\Users\fedet\AppData\Local\Temp\ccLWVfQ3.s 			page 29


 1540      65642069 
 1541              	.LASF10:
 1542 016b 75696E74 		.ascii	"uint8_t\000"
 1542      385F7400 
 1543              	.LASF15:
 1544 0173 63795F6D 		.ascii	"cy_meta_flashprotect\000"
 1544      6574615F 
 1544      666C6173 
 1544      6870726F 
 1544      74656374 
 1545              	.LASF14:
 1546 0188 63795F6D 		.ascii	"cy_meta_wonvl\000"
 1546      6574615F 
 1546      776F6E76 
 1546      6C00
 1547              	.LASF11:
 1548 0196 73697A65 		.ascii	"sizetype\000"
 1548      74797065 
 1548      00
 1549              	.LASF6:
 1550 019f 6C6F6E67 		.ascii	"long long int\000"
 1550      206C6F6E 
 1550      6720696E 
 1550      7400
 1551              	.LASF2:
 1552 01ad 73686F72 		.ascii	"short int\000"
 1552      7420696E 
 1552      7400
 1553              	.LASF4:
 1554 01b7 6C6F6E67 		.ascii	"long int\000"
 1554      20696E74 
 1554      00
 1555              	.LASF0:
 1556 01c0 7369676E 		.ascii	"signed char\000"
 1556      65642063 
 1556      68617200 
 1557              	.LASF18:
 1558 01cc 47656E65 		.ascii	"Generated_Source\\PSoC5\\cymetadata.c\000"
 1558      72617465 
 1558      645F536F 
 1558      75726365 
 1558      5C50536F 
 1559              		.ident	"GCC: (GNU Tools for ARM Embedded Processors) 5.4.1 20160609 (release) [ARM/embedded-5-bran
