ARM GAS  C:\Users\fedet\AppData\Local\Temp\cc9NI70z.s 			page 1


   1              		.syntax unified
   2              		.cpu cortex-m3
   3              		.fpu softvfp
   4              		.eabi_attribute 20, 1
   5              		.eabi_attribute 21, 1
   6              		.eabi_attribute 23, 3
   7              		.eabi_attribute 24, 1
   8              		.eabi_attribute 25, 1
   9              		.eabi_attribute 26, 1
  10              		.eabi_attribute 30, 1
  11              		.eabi_attribute 34, 1
  12              		.eabi_attribute 18, 4
  13              		.thumb
  14              		.syntax unified
  15              		.file	"main.c"
  16              		.text
  17              	.Ltext0:
  18              		.cfi_sections	.debug_frame
  19              		.section	.text.main,"ax",%progbits
  20              		.align	2
  21              		.global	main
  22              		.thumb
  23              		.thumb_func
  24              		.type	main, %function
  25              	main:
  26              	.LFB64:
  27              		.file 1 "main.c"
   1:main.c        **** /* ========================================
   2:main.c        ****  *
   3:main.c        ****  * Copyright YOUR COMPANY, THE YEAR
   4:main.c        ****  * All Rights Reserved
   5:main.c        ****  * UNPUBLISHED, LICENSED SOFTWARE.
   6:main.c        ****  *
   7:main.c        ****  * CONFIDENTIAL AND PROPRIETARY INFORMATION
   8:main.c        ****  * WHICH IS THE PROPERTY OF your company.
   9:main.c        ****  *
  10:main.c        ****  * ========================================
  11:main.c        **** */
  12:main.c        **** #include "project.h"
  13:main.c        **** #include "Interrupt_Routines.h"
  14:main.c        **** #include "stdio.h"
  15:main.c        **** 
  16:main.c        **** int main(void)
  17:main.c        **** {
  28              		.loc 1 17 0
  29              		.cfi_startproc
  30              		@ Volatile: function does not return.
  31              		@ args = 0, pretend = 0, frame = 0
  32              		@ frame_needed = 0, uses_anonymous_args = 0
  33 0000 08B5     		push	{r3, lr}
  34              		.cfi_def_cfa_offset 8
  35              		.cfi_offset 3, -8
  36              		.cfi_offset 14, -4
  18:main.c        ****     CyGlobalIntEnable; /* Enable global interrupts. */
  37              		.loc 1 18 0
  38              		.syntax unified
  39              	@ 18 "main.c" 1
ARM GAS  C:\Users\fedet\AppData\Local\Temp\cc9NI70z.s 			page 2


  40 0002 62B6     		CPSIE   i
  41              	@ 0 "" 2
  19:main.c        **** 
  20:main.c        ****     /* Place your initialization/startup code here (e.g. MyInst_Start()) */
  21:main.c        ****     
  22:main.c        ****     UART_Start();
  42              		.loc 1 22 0
  43              		.thumb
  44              		.syntax unified
  45 0004 FFF7FEFF 		bl	UART_Start
  46              	.LVL0:
  23:main.c        ****     ADC_DelSig_Start(); //Inizializza
  47              		.loc 1 23 0
  48 0008 FFF7FEFF 		bl	ADC_DelSig_Start
  49              	.LVL1:
  24:main.c        ****     Timer_ADC_Start();
  50              		.loc 1 24 0
  51 000c FFF7FEFF 		bl	Timer_ADC_Start
  52              	.LVL2:
  25:main.c        ****     isr_ADC_StartEx(Custom_ISR_ADC); //StartEx
  53              		.loc 1 25 0
  54 0010 0D48     		ldr	r0, .L5
  55 0012 FFF7FEFF 		bl	isr_ADC_StartEx
  56              	.LVL3:
  26:main.c        ****    
  27:main.c        ****     PacketReadyFlag =0;
  57              		.loc 1 27 0
  58 0016 0022     		movs	r2, #0
  59 0018 0C4B     		ldr	r3, .L5+4
  60 001a 1A70     		strb	r2, [r3]
  28:main.c        ****     
  29:main.c        ****     ADC_DelSig_StartConvert(); //Inizia conversione
  61              		.loc 1 29 0
  62 001c FFF7FEFF 		bl	ADC_DelSig_StartConvert
  63              	.LVL4:
  30:main.c        ****     WaveDAC8_1_Start();
  64              		.loc 1 30 0
  65 0020 FFF7FEFF 		bl	WaveDAC8_1_Start
  66              	.LVL5:
  31:main.c        ****     DataBuffer[0]= 0xA0;
  67              		.loc 1 31 0
  68 0024 0A4B     		ldr	r3, .L5+8
  69 0026 A022     		movs	r2, #160
  70 0028 1A70     		strb	r2, [r3]
  32:main.c        ****     DataBuffer[TRANSMIT_BUFFER_SIZE-1]=0xC0;
  71              		.loc 1 32 0
  72 002a C022     		movs	r2, #192
  73 002c DA70     		strb	r2, [r3, #3]
  74              	.L2:
  33:main.c        ****     
  34:main.c        ****     
  35:main.c        ****     for(;;)
  36:main.c        ****     {
  37:main.c        ****         if (PacketReadyFlag==1){
  75              		.loc 1 37 0
  76 002e 074B     		ldr	r3, .L5+4
  77 0030 1B78     		ldrb	r3, [r3]	@ zero_extendqisi2
ARM GAS  C:\Users\fedet\AppData\Local\Temp\cc9NI70z.s 			page 3


  78 0032 DBB2     		uxtb	r3, r3
  79 0034 012B     		cmp	r3, #1
  80 0036 FAD1     		bne	.L2
  38:main.c        ****             UART_PutArray(DataBuffer,TRANSMIT_BUFFER_SIZE);
  81              		.loc 1 38 0
  82 0038 0421     		movs	r1, #4
  83 003a 0548     		ldr	r0, .L5+8
  84 003c FFF7FEFF 		bl	UART_PutArray
  85              	.LVL6:
  39:main.c        ****             PacketReadyFlag=0;
  86              		.loc 1 39 0
  87 0040 0022     		movs	r2, #0
  88 0042 024B     		ldr	r3, .L5+4
  89 0044 1A70     		strb	r2, [r3]
  90 0046 F2E7     		b	.L2
  91              	.L6:
  92              		.align	2
  93              	.L5:
  94 0048 00000000 		.word	Custom_ISR_ADC
  95 004c 00000000 		.word	PacketReadyFlag
  96 0050 00000000 		.word	DataBuffer
  97              		.cfi_endproc
  98              	.LFE64:
  99              		.size	main, .-main
 100              		.comm	PacketReadyFlag,1,1
 101              		.comm	DataBuffer,4,4
 102              		.text
 103              	.Letext0:
 104              		.file 2 "d:\\programmi\\psoc creator\\4.4\\psoc creator\\import\\gnu\\arm\\5.4.1\\arm-none-eabi\\i
 105              		.file 3 "d:\\programmi\\psoc creator\\4.4\\psoc creator\\import\\gnu\\arm\\5.4.1\\arm-none-eabi\\i
 106              		.file 4 "Generated_Source\\PSoC5/cytypes.h"
 107              		.file 5 "Generated_Source\\PSoC5/core_cm3.h"
 108              		.file 6 "Interrupt_Routines.h"
 109              		.file 7 "Generated_Source\\PSoC5/UART.h"
 110              		.file 8 "Generated_Source\\PSoC5/ADC_DelSig.h"
 111              		.file 9 "Generated_Source\\PSoC5/Timer_ADC.h"
 112              		.file 10 "Generated_Source\\PSoC5/isr_ADC.h"
 113              		.file 11 "Generated_Source\\PSoC5/WaveDAC8_1.h"
 114              		.section	.debug_info,"",%progbits
 115              	.Ldebug_info0:
 116 0000 AA010000 		.4byte	0x1aa
 117 0004 0400     		.2byte	0x4
 118 0006 00000000 		.4byte	.Ldebug_abbrev0
 119 000a 04       		.byte	0x4
 120 000b 01       		.uleb128 0x1
 121 000c 7D000000 		.4byte	.LASF27
 122 0010 0C       		.byte	0xc
 123 0011 CD010000 		.4byte	.LASF28
 124 0015 1B000000 		.4byte	.LASF29
 125 0019 00000000 		.4byte	.Ldebug_ranges0+0
 126 001d 00000000 		.4byte	0
 127 0021 00000000 		.4byte	.Ldebug_line0
 128 0025 02       		.uleb128 0x2
 129 0026 01       		.byte	0x1
 130 0027 06       		.byte	0x6
 131 0028 2A020000 		.4byte	.LASF0
 132 002c 02       		.uleb128 0x2
ARM GAS  C:\Users\fedet\AppData\Local\Temp\cc9NI70z.s 			page 4


 133 002d 01       		.byte	0x1
 134 002e 08       		.byte	0x8
 135 002f 6F000000 		.4byte	.LASF1
 136 0033 02       		.uleb128 0x2
 137 0034 02       		.byte	0x2
 138 0035 05       		.byte	0x5
 139 0036 D9010000 		.4byte	.LASF2
 140 003a 02       		.uleb128 0x2
 141 003b 02       		.byte	0x2
 142 003c 07       		.byte	0x7
 143 003d 1D010000 		.4byte	.LASF3
 144 0041 03       		.uleb128 0x3
 145 0042 00000000 		.4byte	.LASF9
 146 0046 02       		.byte	0x2
 147 0047 3F       		.byte	0x3f
 148 0048 4C000000 		.4byte	0x4c
 149 004c 02       		.uleb128 0x2
 150 004d 04       		.byte	0x4
 151 004e 05       		.byte	0x5
 152 004f 0A020000 		.4byte	.LASF4
 153 0053 02       		.uleb128 0x2
 154 0054 04       		.byte	0x4
 155 0055 07       		.byte	0x7
 156 0056 0B010000 		.4byte	.LASF5
 157 005a 02       		.uleb128 0x2
 158 005b 08       		.byte	0x8
 159 005c 05       		.byte	0x5
 160 005d BF010000 		.4byte	.LASF6
 161 0061 02       		.uleb128 0x2
 162 0062 08       		.byte	0x8
 163 0063 07       		.byte	0x7
 164 0064 7F010000 		.4byte	.LASF7
 165 0068 04       		.uleb128 0x4
 166 0069 04       		.byte	0x4
 167 006a 05       		.byte	0x5
 168 006b 696E7400 		.ascii	"int\000"
 169 006f 02       		.uleb128 0x2
 170 0070 04       		.byte	0x4
 171 0071 07       		.byte	0x7
 172 0072 72010000 		.4byte	.LASF8
 173 0076 03       		.uleb128 0x3
 174 0077 AE010000 		.4byte	.LASF10
 175 007b 03       		.byte	0x3
 176 007c 2C       		.byte	0x2c
 177 007d 41000000 		.4byte	0x41
 178 0081 05       		.uleb128 0x5
 179 0082 F3010000 		.4byte	.LASF11
 180 0086 04       		.byte	0x4
 181 0087 E801     		.2byte	0x1e8
 182 0089 2C000000 		.4byte	0x2c
 183 008d 02       		.uleb128 0x2
 184 008e 04       		.byte	0x4
 185 008f 04       		.byte	0x4
 186 0090 69000000 		.4byte	.LASF12
 187 0094 02       		.uleb128 0x2
 188 0095 08       		.byte	0x8
 189 0096 04       		.byte	0x4
ARM GAS  C:\Users\fedet\AppData\Local\Temp\cc9NI70z.s 			page 5


 190 0097 56010000 		.4byte	.LASF13
 191 009b 02       		.uleb128 0x2
 192 009c 01       		.byte	0x1
 193 009d 08       		.byte	0x8
 194 009e D4010000 		.4byte	.LASF14
 195 00a2 06       		.uleb128 0x6
 196 00a3 81000000 		.4byte	0x81
 197 00a7 02       		.uleb128 0x2
 198 00a8 08       		.byte	0x8
 199 00a9 04       		.byte	0x4
 200 00aa 1E020000 		.4byte	.LASF15
 201 00ae 02       		.uleb128 0x2
 202 00af 04       		.byte	0x4
 203 00b0 07       		.byte	0x7
 204 00b1 B6010000 		.4byte	.LASF16
 205 00b5 07       		.uleb128 0x7
 206 00b6 6D010000 		.4byte	.LASF30
 207 00ba 01       		.byte	0x1
 208 00bb 10       		.byte	0x10
 209 00bc 68000000 		.4byte	0x68
 210 00c0 00000000 		.4byte	.LFB64
 211 00c4 54000000 		.4byte	.LFE64-.LFB64
 212 00c8 01       		.uleb128 0x1
 213 00c9 9C       		.byte	0x9c
 214 00ca 1D010000 		.4byte	0x11d
 215 00ce 08       		.uleb128 0x8
 216 00cf 08000000 		.4byte	.LVL0
 217 00d3 60010000 		.4byte	0x160
 218 00d7 08       		.uleb128 0x8
 219 00d8 0C000000 		.4byte	.LVL1
 220 00dc 6B010000 		.4byte	0x16b
 221 00e0 08       		.uleb128 0x8
 222 00e1 10000000 		.4byte	.LVL2
 223 00e5 76010000 		.4byte	0x176
 224 00e9 08       		.uleb128 0x8
 225 00ea 16000000 		.4byte	.LVL3
 226 00ee 81010000 		.4byte	0x181
 227 00f2 08       		.uleb128 0x8
 228 00f3 20000000 		.4byte	.LVL4
 229 00f7 8C010000 		.4byte	0x18c
 230 00fb 08       		.uleb128 0x8
 231 00fc 24000000 		.4byte	.LVL5
 232 0100 97010000 		.4byte	0x197
 233 0104 09       		.uleb128 0x9
 234 0105 40000000 		.4byte	.LVL6
 235 0109 A2010000 		.4byte	0x1a2
 236 010d 0A       		.uleb128 0xa
 237 010e 01       		.uleb128 0x1
 238 010f 50       		.byte	0x50
 239 0110 05       		.uleb128 0x5
 240 0111 03       		.byte	0x3
 241 0112 00000000 		.4byte	DataBuffer
 242 0116 0A       		.uleb128 0xa
 243 0117 01       		.uleb128 0x1
 244 0118 51       		.byte	0x51
 245 0119 01       		.uleb128 0x1
 246 011a 34       		.byte	0x34
ARM GAS  C:\Users\fedet\AppData\Local\Temp\cc9NI70z.s 			page 6


 247 011b 00       		.byte	0
 248 011c 00       		.byte	0
 249 011d 0B       		.uleb128 0xb
 250 011e 49010000 		.4byte	.LASF17
 251 0122 05       		.byte	0x5
 252 0123 1207     		.2byte	0x712
 253 0125 29010000 		.4byte	0x129
 254 0129 06       		.uleb128 0x6
 255 012a 76000000 		.4byte	0x76
 256 012e 0C       		.uleb128 0xc
 257 012f 81000000 		.4byte	0x81
 258 0133 3E010000 		.4byte	0x13e
 259 0137 0D       		.uleb128 0xd
 260 0138 AE000000 		.4byte	0xae
 261 013c 03       		.byte	0x3
 262 013d 00       		.byte	0
 263 013e 0E       		.uleb128 0xe
 264 013f 13020000 		.4byte	.LASF18
 265 0143 06       		.byte	0x6
 266 0144 1C       		.byte	0x1c
 267 0145 2E010000 		.4byte	0x12e
 268 0149 05       		.uleb128 0x5
 269 014a 03       		.byte	0x3
 270 014b 00000000 		.4byte	DataBuffer
 271 014f 0E       		.uleb128 0xe
 272 0150 E3010000 		.4byte	.LASF19
 273 0154 06       		.byte	0x6
 274 0155 1D       		.byte	0x1d
 275 0156 A2000000 		.4byte	0xa2
 276 015a 05       		.uleb128 0x5
 277 015b 03       		.byte	0x3
 278 015c 00000000 		.4byte	PacketReadyFlag
 279 0160 0F       		.uleb128 0xf
 280 0161 30010000 		.4byte	.LASF20
 281 0165 30010000 		.4byte	.LASF20
 282 0169 07       		.byte	0x7
 283 016a 54       		.byte	0x54
 284 016b 0F       		.uleb128 0xf
 285 016c F9010000 		.4byte	.LASF21
 286 0170 F9010000 		.4byte	.LASF21
 287 0174 08       		.byte	0x8
 288 0175 3A       		.byte	0x3a
 289 0176 0F       		.uleb128 0xf
 290 0177 5D010000 		.4byte	.LASF22
 291 017b 5D010000 		.4byte	.LASF22
 292 017f 09       		.byte	0x9
 293 0180 5A       		.byte	0x5a
 294 0181 0F       		.uleb128 0xf
 295 0182 36020000 		.4byte	.LASF23
 296 0186 36020000 		.4byte	.LASF23
 297 018a 0A       		.byte	0xa
 298 018b 18       		.byte	0x18
 299 018c 0F       		.uleb128 0xf
 300 018d 96010000 		.4byte	.LASF24
 301 0191 96010000 		.4byte	.LASF24
 302 0195 08       		.byte	0x8
 303 0196 3D       		.byte	0x3d
ARM GAS  C:\Users\fedet\AppData\Local\Temp\cc9NI70z.s 			page 7


 304 0197 0F       		.uleb128 0xf
 305 0198 0A000000 		.4byte	.LASF25
 306 019c 0A000000 		.4byte	.LASF25
 307 01a0 0B       		.byte	0xb
 308 01a1 67       		.byte	0x67
 309 01a2 0F       		.uleb128 0xf
 310 01a3 3B010000 		.4byte	.LASF26
 311 01a7 3B010000 		.4byte	.LASF26
 312 01ab 07       		.byte	0x7
 313 01ac 8C       		.byte	0x8c
 314 01ad 00       		.byte	0
 315              		.section	.debug_abbrev,"",%progbits
 316              	.Ldebug_abbrev0:
 317 0000 01       		.uleb128 0x1
 318 0001 11       		.uleb128 0x11
 319 0002 01       		.byte	0x1
 320 0003 25       		.uleb128 0x25
 321 0004 0E       		.uleb128 0xe
 322 0005 13       		.uleb128 0x13
 323 0006 0B       		.uleb128 0xb
 324 0007 03       		.uleb128 0x3
 325 0008 0E       		.uleb128 0xe
 326 0009 1B       		.uleb128 0x1b
 327 000a 0E       		.uleb128 0xe
 328 000b 55       		.uleb128 0x55
 329 000c 17       		.uleb128 0x17
 330 000d 11       		.uleb128 0x11
 331 000e 01       		.uleb128 0x1
 332 000f 10       		.uleb128 0x10
 333 0010 17       		.uleb128 0x17
 334 0011 00       		.byte	0
 335 0012 00       		.byte	0
 336 0013 02       		.uleb128 0x2
 337 0014 24       		.uleb128 0x24
 338 0015 00       		.byte	0
 339 0016 0B       		.uleb128 0xb
 340 0017 0B       		.uleb128 0xb
 341 0018 3E       		.uleb128 0x3e
 342 0019 0B       		.uleb128 0xb
 343 001a 03       		.uleb128 0x3
 344 001b 0E       		.uleb128 0xe
 345 001c 00       		.byte	0
 346 001d 00       		.byte	0
 347 001e 03       		.uleb128 0x3
 348 001f 16       		.uleb128 0x16
 349 0020 00       		.byte	0
 350 0021 03       		.uleb128 0x3
 351 0022 0E       		.uleb128 0xe
 352 0023 3A       		.uleb128 0x3a
 353 0024 0B       		.uleb128 0xb
 354 0025 3B       		.uleb128 0x3b
 355 0026 0B       		.uleb128 0xb
 356 0027 49       		.uleb128 0x49
 357 0028 13       		.uleb128 0x13
 358 0029 00       		.byte	0
 359 002a 00       		.byte	0
 360 002b 04       		.uleb128 0x4
ARM GAS  C:\Users\fedet\AppData\Local\Temp\cc9NI70z.s 			page 8


 361 002c 24       		.uleb128 0x24
 362 002d 00       		.byte	0
 363 002e 0B       		.uleb128 0xb
 364 002f 0B       		.uleb128 0xb
 365 0030 3E       		.uleb128 0x3e
 366 0031 0B       		.uleb128 0xb
 367 0032 03       		.uleb128 0x3
 368 0033 08       		.uleb128 0x8
 369 0034 00       		.byte	0
 370 0035 00       		.byte	0
 371 0036 05       		.uleb128 0x5
 372 0037 16       		.uleb128 0x16
 373 0038 00       		.byte	0
 374 0039 03       		.uleb128 0x3
 375 003a 0E       		.uleb128 0xe
 376 003b 3A       		.uleb128 0x3a
 377 003c 0B       		.uleb128 0xb
 378 003d 3B       		.uleb128 0x3b
 379 003e 05       		.uleb128 0x5
 380 003f 49       		.uleb128 0x49
 381 0040 13       		.uleb128 0x13
 382 0041 00       		.byte	0
 383 0042 00       		.byte	0
 384 0043 06       		.uleb128 0x6
 385 0044 35       		.uleb128 0x35
 386 0045 00       		.byte	0
 387 0046 49       		.uleb128 0x49
 388 0047 13       		.uleb128 0x13
 389 0048 00       		.byte	0
 390 0049 00       		.byte	0
 391 004a 07       		.uleb128 0x7
 392 004b 2E       		.uleb128 0x2e
 393 004c 01       		.byte	0x1
 394 004d 3F       		.uleb128 0x3f
 395 004e 19       		.uleb128 0x19
 396 004f 03       		.uleb128 0x3
 397 0050 0E       		.uleb128 0xe
 398 0051 3A       		.uleb128 0x3a
 399 0052 0B       		.uleb128 0xb
 400 0053 3B       		.uleb128 0x3b
 401 0054 0B       		.uleb128 0xb
 402 0055 27       		.uleb128 0x27
 403 0056 19       		.uleb128 0x19
 404 0057 49       		.uleb128 0x49
 405 0058 13       		.uleb128 0x13
 406 0059 8701     		.uleb128 0x87
 407 005b 19       		.uleb128 0x19
 408 005c 11       		.uleb128 0x11
 409 005d 01       		.uleb128 0x1
 410 005e 12       		.uleb128 0x12
 411 005f 06       		.uleb128 0x6
 412 0060 40       		.uleb128 0x40
 413 0061 18       		.uleb128 0x18
 414 0062 9742     		.uleb128 0x2117
 415 0064 19       		.uleb128 0x19
 416 0065 01       		.uleb128 0x1
 417 0066 13       		.uleb128 0x13
ARM GAS  C:\Users\fedet\AppData\Local\Temp\cc9NI70z.s 			page 9


 418 0067 00       		.byte	0
 419 0068 00       		.byte	0
 420 0069 08       		.uleb128 0x8
 421 006a 898201   		.uleb128 0x4109
 422 006d 00       		.byte	0
 423 006e 11       		.uleb128 0x11
 424 006f 01       		.uleb128 0x1
 425 0070 31       		.uleb128 0x31
 426 0071 13       		.uleb128 0x13
 427 0072 00       		.byte	0
 428 0073 00       		.byte	0
 429 0074 09       		.uleb128 0x9
 430 0075 898201   		.uleb128 0x4109
 431 0078 01       		.byte	0x1
 432 0079 11       		.uleb128 0x11
 433 007a 01       		.uleb128 0x1
 434 007b 31       		.uleb128 0x31
 435 007c 13       		.uleb128 0x13
 436 007d 00       		.byte	0
 437 007e 00       		.byte	0
 438 007f 0A       		.uleb128 0xa
 439 0080 8A8201   		.uleb128 0x410a
 440 0083 00       		.byte	0
 441 0084 02       		.uleb128 0x2
 442 0085 18       		.uleb128 0x18
 443 0086 9142     		.uleb128 0x2111
 444 0088 18       		.uleb128 0x18
 445 0089 00       		.byte	0
 446 008a 00       		.byte	0
 447 008b 0B       		.uleb128 0xb
 448 008c 34       		.uleb128 0x34
 449 008d 00       		.byte	0
 450 008e 03       		.uleb128 0x3
 451 008f 0E       		.uleb128 0xe
 452 0090 3A       		.uleb128 0x3a
 453 0091 0B       		.uleb128 0xb
 454 0092 3B       		.uleb128 0x3b
 455 0093 05       		.uleb128 0x5
 456 0094 49       		.uleb128 0x49
 457 0095 13       		.uleb128 0x13
 458 0096 3F       		.uleb128 0x3f
 459 0097 19       		.uleb128 0x19
 460 0098 3C       		.uleb128 0x3c
 461 0099 19       		.uleb128 0x19
 462 009a 00       		.byte	0
 463 009b 00       		.byte	0
 464 009c 0C       		.uleb128 0xc
 465 009d 01       		.uleb128 0x1
 466 009e 01       		.byte	0x1
 467 009f 49       		.uleb128 0x49
 468 00a0 13       		.uleb128 0x13
 469 00a1 01       		.uleb128 0x1
 470 00a2 13       		.uleb128 0x13
 471 00a3 00       		.byte	0
 472 00a4 00       		.byte	0
 473 00a5 0D       		.uleb128 0xd
 474 00a6 21       		.uleb128 0x21
ARM GAS  C:\Users\fedet\AppData\Local\Temp\cc9NI70z.s 			page 10


 475 00a7 00       		.byte	0
 476 00a8 49       		.uleb128 0x49
 477 00a9 13       		.uleb128 0x13
 478 00aa 2F       		.uleb128 0x2f
 479 00ab 0B       		.uleb128 0xb
 480 00ac 00       		.byte	0
 481 00ad 00       		.byte	0
 482 00ae 0E       		.uleb128 0xe
 483 00af 34       		.uleb128 0x34
 484 00b0 00       		.byte	0
 485 00b1 03       		.uleb128 0x3
 486 00b2 0E       		.uleb128 0xe
 487 00b3 3A       		.uleb128 0x3a
 488 00b4 0B       		.uleb128 0xb
 489 00b5 3B       		.uleb128 0x3b
 490 00b6 0B       		.uleb128 0xb
 491 00b7 49       		.uleb128 0x49
 492 00b8 13       		.uleb128 0x13
 493 00b9 3F       		.uleb128 0x3f
 494 00ba 19       		.uleb128 0x19
 495 00bb 02       		.uleb128 0x2
 496 00bc 18       		.uleb128 0x18
 497 00bd 00       		.byte	0
 498 00be 00       		.byte	0
 499 00bf 0F       		.uleb128 0xf
 500 00c0 2E       		.uleb128 0x2e
 501 00c1 00       		.byte	0
 502 00c2 3F       		.uleb128 0x3f
 503 00c3 19       		.uleb128 0x19
 504 00c4 3C       		.uleb128 0x3c
 505 00c5 19       		.uleb128 0x19
 506 00c6 6E       		.uleb128 0x6e
 507 00c7 0E       		.uleb128 0xe
 508 00c8 03       		.uleb128 0x3
 509 00c9 0E       		.uleb128 0xe
 510 00ca 3A       		.uleb128 0x3a
 511 00cb 0B       		.uleb128 0xb
 512 00cc 3B       		.uleb128 0x3b
 513 00cd 0B       		.uleb128 0xb
 514 00ce 00       		.byte	0
 515 00cf 00       		.byte	0
 516 00d0 00       		.byte	0
 517              		.section	.debug_aranges,"",%progbits
 518 0000 1C000000 		.4byte	0x1c
 519 0004 0200     		.2byte	0x2
 520 0006 00000000 		.4byte	.Ldebug_info0
 521 000a 04       		.byte	0x4
 522 000b 00       		.byte	0
 523 000c 0000     		.2byte	0
 524 000e 0000     		.2byte	0
 525 0010 00000000 		.4byte	.LFB64
 526 0014 54000000 		.4byte	.LFE64-.LFB64
 527 0018 00000000 		.4byte	0
 528 001c 00000000 		.4byte	0
 529              		.section	.debug_ranges,"",%progbits
 530              	.Ldebug_ranges0:
 531 0000 00000000 		.4byte	.LFB64
ARM GAS  C:\Users\fedet\AppData\Local\Temp\cc9NI70z.s 			page 11


 532 0004 54000000 		.4byte	.LFE64
 533 0008 00000000 		.4byte	0
 534 000c 00000000 		.4byte	0
 535              		.section	.debug_line,"",%progbits
 536              	.Ldebug_line0:
 537 0000 A8010000 		.section	.debug_str,"MS",%progbits,1
 537      02008601 
 537      00000201 
 537      FB0E0D00 
 537      01010101 
 538              	.LASF9:
 539 0000 5F5F696E 		.ascii	"__int32_t\000"
 539      7433325F 
 539      7400
 540              	.LASF25:
 541 000a 57617665 		.ascii	"WaveDAC8_1_Start\000"
 541      44414338 
 541      5F315F53 
 541      74617274 
 541      00
 542              	.LASF29:
 543 001b 443A5C55 		.ascii	"D:\\Users\\Desktop\\LAB_Proj4\\LAB_Project4_RealTim"
 543      73657273 
 543      5C446573 
 543      6B746F70 
 543      5C4C4142 
 544 004a 6542696F 		.ascii	"eBioSign\\Project4_prova1.cydsn\000"
 544      5369676E 
 544      5C50726F 
 544      6A656374 
 544      345F7072 
 545              	.LASF12:
 546 0069 666C6F61 		.ascii	"float\000"
 546      7400
 547              	.LASF1:
 548 006f 756E7369 		.ascii	"unsigned char\000"
 548      676E6564 
 548      20636861 
 548      7200
 549              	.LASF27:
 550 007d 474E5520 		.ascii	"GNU C11 5.4.1 20160609 (release) [ARM/embedded-5-br"
 550      43313120 
 550      352E342E 
 550      31203230 
 550      31363036 
 551 00b0 616E6368 		.ascii	"anch revision 237715] -mcpu=cortex-m3 -mthumb -g -O"
 551      20726576 
 551      6973696F 
 551      6E203233 
 551      37373135 
 552 00e3 67202D66 		.ascii	"g -ffunction-sections -ffat-lto-objects\000"
 552      66756E63 
 552      74696F6E 
 552      2D736563 
 552      74696F6E 
 553              	.LASF5:
 554 010b 6C6F6E67 		.ascii	"long unsigned int\000"
ARM GAS  C:\Users\fedet\AppData\Local\Temp\cc9NI70z.s 			page 12


 554      20756E73 
 554      69676E65 
 554      6420696E 
 554      7400
 555              	.LASF3:
 556 011d 73686F72 		.ascii	"short unsigned int\000"
 556      7420756E 
 556      7369676E 
 556      65642069 
 556      6E7400
 557              	.LASF20:
 558 0130 55415254 		.ascii	"UART_Start\000"
 558      5F537461 
 558      727400
 559              	.LASF26:
 560 013b 55415254 		.ascii	"UART_PutArray\000"
 560      5F507574 
 560      41727261 
 560      7900
 561              	.LASF17:
 562 0149 49544D5F 		.ascii	"ITM_RxBuffer\000"
 562      52784275 
 562      66666572 
 562      00
 563              	.LASF13:
 564 0156 646F7562 		.ascii	"double\000"
 564      6C6500
 565              	.LASF22:
 566 015d 54696D65 		.ascii	"Timer_ADC_Start\000"
 566      725F4144 
 566      435F5374 
 566      61727400 
 567              	.LASF30:
 568 016d 6D61696E 		.ascii	"main\000"
 568      00
 569              	.LASF8:
 570 0172 756E7369 		.ascii	"unsigned int\000"
 570      676E6564 
 570      20696E74 
 570      00
 571              	.LASF7:
 572 017f 6C6F6E67 		.ascii	"long long unsigned int\000"
 572      206C6F6E 
 572      6720756E 
 572      7369676E 
 572      65642069 
 573              	.LASF24:
 574 0196 4144435F 		.ascii	"ADC_DelSig_StartConvert\000"
 574      44656C53 
 574      69675F53 
 574      74617274 
 574      436F6E76 
 575              	.LASF10:
 576 01ae 696E7433 		.ascii	"int32_t\000"
 576      325F7400 
 577              	.LASF16:
 578 01b6 73697A65 		.ascii	"sizetype\000"
ARM GAS  C:\Users\fedet\AppData\Local\Temp\cc9NI70z.s 			page 13


 578      74797065 
 578      00
 579              	.LASF6:
 580 01bf 6C6F6E67 		.ascii	"long long int\000"
 580      206C6F6E 
 580      6720696E 
 580      7400
 581              	.LASF28:
 582 01cd 6D61696E 		.ascii	"main.c\000"
 582      2E6300
 583              	.LASF14:
 584 01d4 63686172 		.ascii	"char\000"
 584      00
 585              	.LASF2:
 586 01d9 73686F72 		.ascii	"short int\000"
 586      7420696E 
 586      7400
 587              	.LASF19:
 588 01e3 5061636B 		.ascii	"PacketReadyFlag\000"
 588      65745265 
 588      61647946 
 588      6C616700 
 589              	.LASF11:
 590 01f3 75696E74 		.ascii	"uint8\000"
 590      3800
 591              	.LASF21:
 592 01f9 4144435F 		.ascii	"ADC_DelSig_Start\000"
 592      44656C53 
 592      69675F53 
 592      74617274 
 592      00
 593              	.LASF4:
 594 020a 6C6F6E67 		.ascii	"long int\000"
 594      20696E74 
 594      00
 595              	.LASF18:
 596 0213 44617461 		.ascii	"DataBuffer\000"
 596      42756666 
 596      657200
 597              	.LASF15:
 598 021e 6C6F6E67 		.ascii	"long double\000"
 598      20646F75 
 598      626C6500 
 599              	.LASF0:
 600 022a 7369676E 		.ascii	"signed char\000"
 600      65642063 
 600      68617200 
 601              	.LASF23:
 602 0236 6973725F 		.ascii	"isr_ADC_StartEx\000"
 602      4144435F 
 602      53746172 
 602      74457800 
 603              		.ident	"GCC: (GNU Tools for ARM Embedded Processors) 5.4.1 20160609 (release) [ARM/embedded-5-bran
